#
# There is insufficient memory for the Java Runtime Environment to continue.
# Native memory allocation (malloc) failed to allocate 1820336 bytes for Chunk::new
# Possible reasons:
#   The system is out of physical RAM or swap space
#   The process is running with CompressedOops enabled, and the Java Heap may be blocking the growth of the native heap
# Possible solutions:
#   Reduce memory load on the system
#   Increase physical memory or swap space
#   Check if swap backing store is full
#   Decrease Java heap size (-Xmx/-Xms)
#   Decrease number of Java threads
#   Decrease Java thread stack sizes (-Xss)
#   Set larger code cache with -XX:ReservedCodeCacheSize=
#   JVM is running with Unscaled Compressed Oops mode in which the Java heap is
#     placed in the first 4GB address space. The Java Heap base address is the
#     maximum limit for the native heap growth. Please use -XX:HeapBaseMinAddress
#     to set the Java Heap base and to place the Java Heap above 4GB virtual address.
# This output file may be truncated or incomplete.
#
#  Out of Memory Error (./src/hotspot/share/memory/arena.cpp:197), pid=6076, tid=24744
#
# JRE version: OpenJDK Runtime Environment Corretto-11.0.16.9.1 (11.0.16.1+9) (build 11.0.16.1+9-LTS)
# Java VM: OpenJDK 64-Bit Server VM Corretto-11.0.16.9.1 (11.0.16.1+9-LTS, mixed mode, tiered, compressed oops, g1 gc, windows-amd64)
# No core dump will be written. Minidumps are not enabled by default on client versions of Windows
#

---------------  S U M M A R Y ------------

Command Line: --add-opens=java.base/java.util=ALL-UNNAMED --add-opens=java.base/java.lang=ALL-UNNAMED --add-opens=java.base/java.lang.invoke=ALL-UNNAMED --add-opens=java.prefs/java.util.prefs=ALL-UNNAMED -XX:MaxMetaspaceSize=256m -XX:+HeapDumpOnOutOfMemoryError -Xms256m -Xmx512m -Dfile.encoding=windows-1252 -Duser.country=US -Duser.language=en -Duser.variant org.gradle.launcher.daemon.bootstrap.GradleDaemon 6.3

Host: AMD Ryzen 5 3500U with Radeon Vega Mobile Gfx  , 8 cores, 9G,  Windows 11 , 64 bit Build 22000 (10.0.22000.708)
Time: Thu Sep 22 22:18:10 2022 Eastern Daylight Time elapsed time: 16.585653 seconds (0d 0h 0m 16s)

---------------  T H R E A D  ---------------

Current thread (0x0000023e93621800):  JavaThread "C2 CompilerThread2" daemon [_thread_in_native, id=24744, stack(0x00000080afa00000,0x00000080afb00000)]


Current CompileTask:
C2:  16585 4524   !   4       io.spring.gradle.dependencymanagement.org.apache.maven.model.interpolation.StringSearchModelInterpolator$InterpolateObjectAction::traverseObjectWithParents (118 bytes)

Stack: [0x00000080afa00000,0x00000080afb00000]
Native frames: (J=compiled Java code, j=interpreted, Vv=VM code, C=native code)
V  [jvm.dll+0x61f23a]
V  [jvm.dll+0x7ac419]
V  [jvm.dll+0x7adb08]
V  [jvm.dll+0x7ae1e3]
V  [jvm.dll+0x24fa98]
V  [jvm.dll+0xc262c]
V  [jvm.dll+0xc2bec]
V  [jvm.dll+0x359ed7]
V  [jvm.dll+0x325e53]
V  [jvm.dll+0x32518a]
V  [jvm.dll+0x208f95]
V  [jvm.dll+0x2080bd]
V  [jvm.dll+0x18a3b1]
V  [jvm.dll+0x217744]
V  [jvm.dll+0x21598b]
V  [jvm.dll+0x76ef20]
V  [jvm.dll+0x767e54]
V  [jvm.dll+0x61e0a5]
C  [ucrtbase.dll+0x26c0c]
C  [KERNEL32.DLL+0x154e0]
C  [ntdll.dll+0x485b]


---------------  P R O C E S S  ---------------

Threads class SMR info:
_java_thread_list=0x0000023e924a0a60, length=50, elements={
0x0000023ef15f5000, 0x0000023efdde5000, 0x0000023efddee000, 0x0000023efe749000,
0x0000023efe74a000, 0x0000023efe74d800, 0x0000023efe74f000, 0x0000023efe754000,
0x0000023efe75c000, 0x0000023efe8cb000, 0x0000023e8f6e3000, 0x0000023efee0e000,
0x0000023e8f3e6800, 0x0000023e8f31d000, 0x0000023e9047f000, 0x0000023e900bf800,
0x0000023e8f55b000, 0x0000023e8fc08000, 0x0000023e8fbf4800, 0x0000023e901cf800,
0x0000023e9042a000, 0x0000023e90427000, 0x0000023e90424800, 0x0000023e9042b000,
0x0000023e90427800, 0x0000023e90425000, 0x0000023efeb85800, 0x0000023e90426000,
0x0000023e90428800, 0x0000023e90b1e000, 0x0000023e90b20000, 0x0000023e90b1c000,
0x0000023e90b1a000, 0x0000023e90b1c800, 0x0000023e90b1d800, 0x0000023e90b20800,
0x0000023e90b1f000, 0x0000023e90b1b000, 0x0000023e90b22800, 0x0000023e90b24000,
0x0000023e90b23000, 0x0000023e90b27000, 0x0000023e90b25000, 0x0000023e90b21800,
0x0000023e90b28000, 0x0000023e90b25800, 0x0000023e90b29000, 0x0000023e90b26800,
0x0000023e91ff8000, 0x0000023e93621800
}

Java Threads: ( => current thread )
  0x0000023ef15f5000 JavaThread "main" [_thread_blocked, id=30748, stack(0x00000080ace00000,0x00000080acf00000)]
  0x0000023efdde5000 JavaThread "Reference Handler" daemon [_thread_blocked, id=33252, stack(0x00000080ad500000,0x00000080ad600000)]
  0x0000023efddee000 JavaThread "Finalizer" daemon [_thread_blocked, id=5336, stack(0x00000080ad600000,0x00000080ad700000)]
  0x0000023efe749000 JavaThread "Signal Dispatcher" daemon [_thread_blocked, id=23104, stack(0x00000080ad700000,0x00000080ad800000)]
  0x0000023efe74a000 JavaThread "Attach Listener" daemon [_thread_blocked, id=22072, stack(0x00000080ad800000,0x00000080ad900000)]
  0x0000023efe74d800 JavaThread "Service Thread" daemon [_thread_blocked, id=28064, stack(0x00000080ad900000,0x00000080ada00000)]
  0x0000023efe74f000 JavaThread "C2 CompilerThread0" daemon [_thread_in_native, id=32396, stack(0x00000080ada00000,0x00000080adb00000)]
  0x0000023efe754000 JavaThread "C1 CompilerThread0" daemon [_thread_blocked, id=30776, stack(0x00000080adb00000,0x00000080adc00000)]
  0x0000023efe75c000 JavaThread "Sweeper thread" daemon [_thread_blocked, id=19264, stack(0x00000080adc00000,0x00000080add00000)]
  0x0000023efe8cb000 JavaThread "Common-Cleaner" daemon [_thread_blocked, id=30368, stack(0x00000080add00000,0x00000080ade00000)]
  0x0000023e8f6e3000 JavaThread "Daemon health stats" [_thread_blocked, id=29548, stack(0x00000080ae500000,0x00000080ae600000)]
  0x0000023efee0e000 JavaThread "Incoming local TCP Connector on port 62714" [_thread_in_native, id=5556, stack(0x00000080adf00000,0x00000080ae000000)]
  0x0000023e8f3e6800 JavaThread "Daemon periodic checks" [_thread_blocked, id=26952, stack(0x00000080ae600000,0x00000080ae700000)]
  0x0000023e8f31d000 JavaThread "Daemon" [_thread_blocked, id=16792, stack(0x00000080ae700000,0x00000080ae800000)]
  0x0000023e9047f000 JavaThread "Handler for socket connection from /127.0.0.1:62714 to /127.0.0.1:62715" [_thread_in_native, id=28940, stack(0x00000080ae800000,0x00000080ae900000)]
  0x0000023e900bf800 JavaThread "Cancel handler" [_thread_blocked, id=30864, stack(0x00000080ae900000,0x00000080aea00000)]
  0x0000023e8f55b000 JavaThread "Daemon worker" [_thread_in_vm, id=5568, stack(0x00000080aea00000,0x00000080aeb00000)]
  0x0000023e8fc08000 JavaThread "Asynchronous log dispatcher for DefaultDaemonConnection: socket connection from /127.0.0.1:62714 to /127.0.0.1:62715" [_thread_blocked, id=17276, stack(0x00000080aeb00000,0x00000080aec00000)]
  0x0000023e8fbf4800 JavaThread "Stdin handler" [_thread_blocked, id=29988, stack(0x00000080aec00000,0x00000080aed00000)]
  0x0000023e901cf800 JavaThread "Thread-8" [_thread_blocked, id=16528, stack(0x00000080aed00000,0x00000080aee00000)]
  0x0000023e9042a000 JavaThread "Cache worker for journal cache (C:\Users\vdmpe\.gradle\caches\journal-1)" [_thread_blocked, id=3832, stack(0x00000080aee00000,0x00000080aef00000)]
  0x0000023e90427000 JavaThread "File lock request listener" [_thread_in_native, id=24656, stack(0x00000080aef00000,0x00000080af000000)]
  0x0000023e90424800 JavaThread "Cache worker for file hash cache (C:\Users\vdmpe\.gradle\caches\6.3\fileHashes)" [_thread_blocked, id=9220, stack(0x00000080af000000,0x00000080af100000)]
  0x0000023e9042b000 JavaThread "Cache worker for checksums cache (C:\Users\vdmpe\Documents\LaunchCode 101\GIT\Studio-16-coding-events\.gradle\checksums)" [_thread_blocked, id=17828, stack(0x00000080af500000,0x00000080af600000)]
  0x0000023e90427800 JavaThread "Cache worker for file hash cache (C:\Users\vdmpe\Documents\LaunchCode 101\GIT\Studio-16-coding-events\.gradle\6.3\fileHashes)" [_thread_blocked, id=32732, stack(0x00000080af600000,0x00000080af700000)]
  0x0000023e90425000 JavaThread "Cache worker for cache directory md-supplier (C:\Users\vdmpe\.gradle\caches\6.3\md-supplier)" [_thread_blocked, id=29076, stack(0x00000080af700000,0x00000080af800000)]
  0x0000023efeb85800 JavaThread "C2 CompilerThread1" daemon [_thread_in_native, id=33640, stack(0x00000080af400000,0x00000080af500000)]
  0x0000023e90426000 JavaThread "Cache worker for cache directory md-rule (C:\Users\vdmpe\.gradle\caches\6.3\md-rule)" [_thread_blocked, id=13124, stack(0x00000080af800000,0x00000080af900000)]
  0x0000023e90428800 JavaThread "Cache worker for execution history cache (C:\Users\vdmpe\.gradle\caches\6.3\executionHistory)" [_thread_blocked, id=472, stack(0x00000080af900000,0x00000080afa00000)]
  0x0000023e90b1e000 JavaThread "Build operations" [_thread_blocked, id=20144, stack(0x00000080afb00000,0x00000080afc00000)]
  0x0000023e90b20000 JavaThread "Build operations Thread 2" [_thread_blocked, id=25088, stack(0x00000080afc00000,0x00000080afd00000)]
  0x0000023e90b1c000 JavaThread "Build operations Thread 3" [_thread_blocked, id=24076, stack(0x00000080afd00000,0x00000080afe00000)]
  0x0000023e90b1a000 JavaThread "Build operations Thread 4" [_thread_blocked, id=25188, stack(0x00000080afe00000,0x00000080aff00000)]
  0x0000023e90b1c800 JavaThread "Build operations Thread 5" [_thread_blocked, id=28712, stack(0x00000080aff00000,0x00000080b0000000)]
  0x0000023e90b1d800 JavaThread "Build operations Thread 6" [_thread_blocked, id=23432, stack(0x00000080b0000000,0x00000080b0100000)]
  0x0000023e90b20800 JavaThread "Build operations Thread 7" [_thread_blocked, id=26584, stack(0x00000080b0100000,0x00000080b0200000)]
  0x0000023e90b1f000 JavaThread "Build operations Thread 8" [_thread_blocked, id=7764, stack(0x00000080b0200000,0x00000080b0300000)]
  0x0000023e90b1b000 JavaThread "Cache worker for Build Output Cleanup Cache (C:\Users\vdmpe\Documents\LaunchCode 101\GIT\Studio-16-coding-events\.gradle\buildOutputCleanup)" [_thread_blocked, id=21860, stack(0x00000080b0300000,0x00000080b0400000)]
  0x0000023e90b22800 JavaThread "Memory manager" [_thread_blocked, id=25724, stack(0x00000080b0400000,0x00000080b0500000)]
  0x0000023e90b24000 JavaThread "Cache worker for file content cache (C:\Users\vdmpe\.gradle\caches\6.3\fileContent)" [_thread_blocked, id=30552, stack(0x00000080b0500000,0x00000080b0600000)]
  0x0000023e90b23000 JavaThread "Cache worker for file content cache (C:\Users\vdmpe\Documents\LaunchCode 101\GIT\Studio-16-coding-events\.gradle\6.3\fileContent)" [_thread_blocked, id=18192, stack(0x00000080b0600000,0x00000080b0700000)]
  0x0000023e90b27000 JavaThread "Execution worker for ':'" [_thread_blocked, id=3652, stack(0x00000080b0700000,0x00000080b0800000)]
  0x0000023e90b25000 JavaThread "Execution worker for ':' Thread 2" [_thread_blocked, id=30276, stack(0x00000080b0800000,0x00000080b0900000)]
  0x0000023e90b21800 JavaThread "Execution worker for ':' Thread 3" [_thread_blocked, id=29648, stack(0x00000080b0900000,0x00000080b0a00000)]
  0x0000023e90b28000 JavaThread "Execution worker for ':' Thread 4" [_thread_blocked, id=28816, stack(0x00000080b0a00000,0x00000080b0b00000)]
  0x0000023e90b25800 JavaThread "Execution worker for ':' Thread 5" [_thread_blocked, id=32072, stack(0x00000080b0b00000,0x00000080b0c00000)]
  0x0000023e90b29000 JavaThread "Execution worker for ':' Thread 6" [_thread_blocked, id=10532, stack(0x00000080b0c00000,0x00000080b0d00000)]
  0x0000023e90b26800 JavaThread "Execution worker for ':' Thread 7" [_thread_blocked, id=4792, stack(0x00000080b0d00000,0x00000080b0e00000)]
  0x0000023e91ff8000 JavaThread "Cache worker for execution history cache (C:\Users\vdmpe\Documents\LaunchCode 101\GIT\Studio-16-coding-events\.gradle\6.3\executionHistory)" [_thread_blocked, id=10772, stack(0x00000080b0e00000,0x00000080b0f00000)]
=>0x0000023e93621800 JavaThread "C2 CompilerThread2" daemon [_thread_in_native, id=24744, stack(0x00000080afa00000,0x00000080afb00000)]

Other Threads:
  0x0000023efddbe800 VMThread "VM Thread" [stack: 0x00000080ad400000,0x00000080ad500000] [id=3240]
  0x0000023efe8c5800 WatcherThread [stack: 0x00000080ade00000,0x00000080adf00000] [id=21716]
  0x0000023ef1610000 GCTaskThread "GC Thread#0" [stack: 0x00000080acf00000,0x00000080ad000000] [id=12816]
  0x0000023eff28a000 GCTaskThread "GC Thread#1" [stack: 0x00000080ae000000,0x00000080ae100000] [id=16404]
  0x0000023efef19000 GCTaskThread "GC Thread#2" [stack: 0x00000080ae100000,0x00000080ae200000] [id=6844]
  0x0000023efeb8f000 GCTaskThread "GC Thread#3" [stack: 0x00000080ae200000,0x00000080ae300000] [id=18168]
  0x0000023efeb90000 GCTaskThread "GC Thread#4" [stack: 0x00000080ae300000,0x00000080ae400000] [id=24036]
  0x0000023eff2d5800 GCTaskThread "GC Thread#5" [stack: 0x00000080ae400000,0x00000080ae500000] [id=14576]
  0x0000023e8ff3e000 GCTaskThread "GC Thread#6" [stack: 0x00000080af100000,0x00000080af200000] [id=12484]
  0x0000023e8f74a800 GCTaskThread "GC Thread#7" [stack: 0x00000080af200000,0x00000080af300000] [id=31248]
  0x0000023ef1621800 ConcurrentGCThread "G1 Main Marker" [stack: 0x00000080ad000000,0x00000080ad100000] [id=18548]
  0x0000023ef1623800 ConcurrentGCThread "G1 Conc#0" [stack: 0x00000080ad100000,0x00000080ad200000] [id=33188]
  0x0000023eff255800 ConcurrentGCThread "G1 Conc#1" [stack: 0x00000080af300000,0x00000080af400000] [id=22468]
  0x0000023ef16ce800 ConcurrentGCThread "G1 Refine#0" [stack: 0x00000080ad200000,0x00000080ad300000] [id=32640]
  0x0000023efdc59000 ConcurrentGCThread "G1 Young RemSet Sampling" [stack: 0x00000080ad300000,0x00000080ad400000] [id=29580]

Threads with active compile tasks:
C2 CompilerThread0    16642 4825   !   4       io.spring.gradle.dependencymanagement.org.apache.maven.model.interpolation.AbstractStringBasedModelInterpolator::interpolateInternal (357 bytes)
C2 CompilerThread1    16642 4481       4       io.spring.gradle.dependencymanagement.org.apache.maven.model.io.xpp3.MavenXpp3Reader::checkFieldWithDuplicate (75 bytes)
C2 CompilerThread2    16642 4524   !   4       io.spring.gradle.dependencymanagement.org.apache.maven.model.interpolation.StringSearchModelInterpolator$InterpolateObjectAction::traverseObjectWithParents (118 bytes)

VM state:not at safepoint (normal execution)

VM Mutex/Monitor currently owned by a thread: None

Heap address: 0x00000000e0000000, size: 512 MB, Compressed Oops mode: 32-bit
Narrow klass base: 0x0000000000000000, Narrow klass shift: 3
Compressed class space size: 260046848 Address: 0x0000000100000000

Heap:
 garbage-first heap   total 262144K, used 130018K [0x00000000e0000000, 0x0000000100000000)
  region size 1024K, 114 young (116736K), 11 survivors (11264K)
 Metaspace       used 50612K, capacity 51922K, committed 52096K, reserved 299008K
  class space    used 6551K, capacity 7014K, committed 7040K, reserved 253952K
Heap Regions: E=young(eden), S=young(survivor), O=old, HS=humongous(starts), HC=humongous(continues), CS=collection set, F=free, A=archive, TAMS=top-at-mark-start (previous, next)
|   0|0x00000000e0000000, 0x00000000e0100000, 0x00000000e0100000|100%| O|  |TAMS 0x00000000e0100000, 0x00000000e0000000| Untracked 
|   1|0x00000000e0100000, 0x00000000e0200000, 0x00000000e0200000|100%| O|  |TAMS 0x00000000e0200000, 0x00000000e0100000| Untracked 
|   2|0x00000000e0200000, 0x00000000e0300000, 0x00000000e0300000|100%| O|  |TAMS 0x00000000e0300000, 0x00000000e0200000| Untracked 
|   3|0x00000000e0300000, 0x00000000e0400000, 0x00000000e0400000|100%|HS|  |TAMS 0x00000000e0400000, 0x00000000e0300000| Complete 
|   4|0x00000000e0400000, 0x00000000e0500000, 0x00000000e0500000|100%|HC|  |TAMS 0x00000000e0500000, 0x00000000e0400000| Complete 
|   5|0x00000000e0500000, 0x00000000e0600000, 0x00000000e0600000|100%|HC|  |TAMS 0x00000000e0600000, 0x00000000e0500000| Complete 
|   6|0x00000000e0600000, 0x00000000e0700000, 0x00000000e0700000|100%| O|  |TAMS 0x00000000e0700000, 0x00000000e0600000| Untracked 
|   7|0x00000000e0700000, 0x00000000e0800000, 0x00000000e0800000|100%| O|  |TAMS 0x00000000e0800000, 0x00000000e0700000| Untracked 
|   8|0x00000000e0800000, 0x00000000e0900000, 0x00000000e0900000|100%| O|  |TAMS 0x00000000e0900000, 0x00000000e0800000| Untracked 
|   9|0x00000000e0900000, 0x00000000e0a00000, 0x00000000e0a00000|100%| O|  |TAMS 0x00000000e0a00000, 0x00000000e0900000| Untracked 
|  10|0x00000000e0a00000, 0x00000000e0b00000, 0x00000000e0b00000|100%| O|  |TAMS 0x00000000e0b00000, 0x00000000e0a00000| Untracked 
|  11|0x00000000e0b00000, 0x00000000e0c00000, 0x00000000e0c00000|100%| O|  |TAMS 0x00000000e0c00000, 0x00000000e0b00000| Untracked 
|  12|0x00000000e0c00000, 0x00000000e0d00000, 0x00000000e0d00000|100%| O|  |TAMS 0x00000000e0d00000, 0x00000000e0c00000| Untracked 
|  13|0x00000000e0d00000, 0x00000000e0e00000, 0x00000000e0e00000|100%| O|  |TAMS 0x00000000e0e00000, 0x00000000e0d00000| Untracked 
|  14|0x00000000e0e00000, 0x00000000e0edba00, 0x00000000e0f00000| 85%| O|  |TAMS 0x00000000e0edba00, 0x00000000e0e00000| Untracked 
|  15|0x00000000e0f00000, 0x00000000e0f00000, 0x00000000e1000000|  0%| F|  |TAMS 0x00000000e0f00000, 0x00000000e0f00000| Untracked 
|  16|0x00000000e1000000, 0x00000000e1000000, 0x00000000e1100000|  0%| F|  |TAMS 0x00000000e1000000, 0x00000000e1000000| Untracked 
|  17|0x00000000e1100000, 0x00000000e1100000, 0x00000000e1200000|  0%| F|  |TAMS 0x00000000e1100000, 0x00000000e1100000| Untracked 
|  18|0x00000000e1200000, 0x00000000e1200000, 0x00000000e1300000|  0%| F|  |TAMS 0x00000000e1200000, 0x00000000e1200000| Untracked 
|  19|0x00000000e1300000, 0x00000000e1300000, 0x00000000e1400000|  0%| F|  |TAMS 0x00000000e1300000, 0x00000000e1300000| Untracked 
|  20|0x00000000e1400000, 0x00000000e1400000, 0x00000000e1500000|  0%| F|  |TAMS 0x00000000e1400000, 0x00000000e1400000| Untracked 
|  21|0x00000000e1500000, 0x00000000e1500000, 0x00000000e1600000|  0%| F|  |TAMS 0x00000000e1500000, 0x00000000e1500000| Untracked 
|  22|0x00000000e1600000, 0x00000000e1600000, 0x00000000e1700000|  0%| F|  |TAMS 0x00000000e1600000, 0x00000000e1600000| Untracked 
|  23|0x00000000e1700000, 0x00000000e1700000, 0x00000000e1800000|  0%| F|  |TAMS 0x00000000e1700000, 0x00000000e1700000| Untracked 
|  24|0x00000000e1800000, 0x00000000e1800000, 0x00000000e1900000|  0%| F|  |TAMS 0x00000000e1800000, 0x00000000e1800000| Untracked 
|  25|0x00000000e1900000, 0x00000000e1900000, 0x00000000e1a00000|  0%| F|  |TAMS 0x00000000e1900000, 0x00000000e1900000| Untracked 
|  26|0x00000000e1a00000, 0x00000000e1a00000, 0x00000000e1b00000|  0%| F|  |TAMS 0x00000000e1a00000, 0x00000000e1a00000| Untracked 
|  27|0x00000000e1b00000, 0x00000000e1b00000, 0x00000000e1c00000|  0%| F|  |TAMS 0x00000000e1b00000, 0x00000000e1b00000| Untracked 
|  28|0x00000000e1c00000, 0x00000000e1c00000, 0x00000000e1d00000|  0%| F|  |TAMS 0x00000000e1c00000, 0x00000000e1c00000| Untracked 
|  29|0x00000000e1d00000, 0x00000000e1d00000, 0x00000000e1e00000|  0%| F|  |TAMS 0x00000000e1d00000, 0x00000000e1d00000| Untracked 
|  30|0x00000000e1e00000, 0x00000000e1e00000, 0x00000000e1f00000|  0%| F|  |TAMS 0x00000000e1e00000, 0x00000000e1e00000| Untracked 
|  31|0x00000000e1f00000, 0x00000000e1f00000, 0x00000000e2000000|  0%| F|  |TAMS 0x00000000e1f00000, 0x00000000e1f00000| Untracked 
|  32|0x00000000e2000000, 0x00000000e2000000, 0x00000000e2100000|  0%| F|  |TAMS 0x00000000e2000000, 0x00000000e2000000| Untracked 
|  33|0x00000000e2100000, 0x00000000e2100000, 0x00000000e2200000|  0%| F|  |TAMS 0x00000000e2100000, 0x00000000e2100000| Untracked 
|  34|0x00000000e2200000, 0x00000000e2200000, 0x00000000e2300000|  0%| F|  |TAMS 0x00000000e2200000, 0x00000000e2200000| Untracked 
|  35|0x00000000e2300000, 0x00000000e2300000, 0x00000000e2400000|  0%| F|  |TAMS 0x00000000e2300000, 0x00000000e2300000| Untracked 
|  36|0x00000000e2400000, 0x00000000e2400000, 0x00000000e2500000|  0%| F|  |TAMS 0x00000000e2400000, 0x00000000e2400000| Untracked 
|  37|0x00000000e2500000, 0x00000000e2500000, 0x00000000e2600000|  0%| F|  |TAMS 0x00000000e2500000, 0x00000000e2500000| Untracked 
|  38|0x00000000e2600000, 0x00000000e2600000, 0x00000000e2700000|  0%| F|  |TAMS 0x00000000e2600000, 0x00000000e2600000| Untracked 
|  39|0x00000000e2700000, 0x00000000e2700000, 0x00000000e2800000|  0%| F|  |TAMS 0x00000000e2700000, 0x00000000e2700000| Untracked 
|  40|0x00000000e2800000, 0x00000000e2800000, 0x00000000e2900000|  0%| F|  |TAMS 0x00000000e2800000, 0x00000000e2800000| Untracked 
|  41|0x00000000e2900000, 0x00000000e2900000, 0x00000000e2a00000|  0%| F|  |TAMS 0x00000000e2900000, 0x00000000e2900000| Untracked 
|  42|0x00000000e2a00000, 0x00000000e2a00000, 0x00000000e2b00000|  0%| F|  |TAMS 0x00000000e2a00000, 0x00000000e2a00000| Untracked 
|  43|0x00000000e2b00000, 0x00000000e2b00000, 0x00000000e2c00000|  0%| F|  |TAMS 0x00000000e2b00000, 0x00000000e2b00000| Untracked 
|  44|0x00000000e2c00000, 0x00000000e2c00000, 0x00000000e2d00000|  0%| F|  |TAMS 0x00000000e2c00000, 0x00000000e2c00000| Untracked 
|  45|0x00000000e2d00000, 0x00000000e2d00000, 0x00000000e2e00000|  0%| F|  |TAMS 0x00000000e2d00000, 0x00000000e2d00000| Untracked 
|  46|0x00000000e2e00000, 0x00000000e2e00000, 0x00000000e2f00000|  0%| F|  |TAMS 0x00000000e2e00000, 0x00000000e2e00000| Untracked 
|  47|0x00000000e2f00000, 0x00000000e2f00000, 0x00000000e3000000|  0%| F|  |TAMS 0x00000000e2f00000, 0x00000000e2f00000| Untracked 
|  48|0x00000000e3000000, 0x00000000e3000000, 0x00000000e3100000|  0%| F|  |TAMS 0x00000000e3000000, 0x00000000e3000000| Untracked 
|  49|0x00000000e3100000, 0x00000000e3100000, 0x00000000e3200000|  0%| F|  |TAMS 0x00000000e3100000, 0x00000000e3100000| Untracked 
|  50|0x00000000e3200000, 0x00000000e3200000, 0x00000000e3300000|  0%| F|  |TAMS 0x00000000e3200000, 0x00000000e3200000| Untracked 
|  51|0x00000000e3300000, 0x00000000e3300000, 0x00000000e3400000|  0%| F|  |TAMS 0x00000000e3300000, 0x00000000e3300000| Untracked 
|  52|0x00000000e3400000, 0x00000000e3400000, 0x00000000e3500000|  0%| F|  |TAMS 0x00000000e3400000, 0x00000000e3400000| Untracked 
|  53|0x00000000e3500000, 0x00000000e3500000, 0x00000000e3600000|  0%| F|  |TAMS 0x00000000e3500000, 0x00000000e3500000| Untracked 
|  54|0x00000000e3600000, 0x00000000e3600000, 0x00000000e3700000|  0%| F|  |TAMS 0x00000000e3600000, 0x00000000e3600000| Untracked 
|  55|0x00000000e3700000, 0x00000000e3700000, 0x00000000e3800000|  0%| F|  |TAMS 0x00000000e3700000, 0x00000000e3700000| Untracked 
|  56|0x00000000e3800000, 0x00000000e3800000, 0x00000000e3900000|  0%| F|  |TAMS 0x00000000e3800000, 0x00000000e3800000| Untracked 
|  57|0x00000000e3900000, 0x00000000e3900000, 0x00000000e3a00000|  0%| F|  |TAMS 0x00000000e3900000, 0x00000000e3900000| Untracked 
|  58|0x00000000e3a00000, 0x00000000e3a00000, 0x00000000e3b00000|  0%| F|  |TAMS 0x00000000e3a00000, 0x00000000e3a00000| Untracked 
|  59|0x00000000e3b00000, 0x00000000e3b00000, 0x00000000e3c00000|  0%| F|  |TAMS 0x00000000e3b00000, 0x00000000e3b00000| Untracked 
|  60|0x00000000e3c00000, 0x00000000e3c00000, 0x00000000e3d00000|  0%| F|  |TAMS 0x00000000e3c00000, 0x00000000e3c00000| Untracked 
|  61|0x00000000e3d00000, 0x00000000e3d00000, 0x00000000e3e00000|  0%| F|  |TAMS 0x00000000e3d00000, 0x00000000e3d00000| Untracked 
|  62|0x00000000e3e00000, 0x00000000e3e00000, 0x00000000e3f00000|  0%| F|  |TAMS 0x00000000e3e00000, 0x00000000e3e00000| Untracked 
|  63|0x00000000e3f00000, 0x00000000e3f00000, 0x00000000e4000000|  0%| F|  |TAMS 0x00000000e3f00000, 0x00000000e3f00000| Untracked 
|  64|0x00000000e4000000, 0x00000000e4000000, 0x00000000e4100000|  0%| F|  |TAMS 0x00000000e4000000, 0x00000000e4000000| Untracked 
|  65|0x00000000e4100000, 0x00000000e4100000, 0x00000000e4200000|  0%| F|  |TAMS 0x00000000e4100000, 0x00000000e4100000| Untracked 
|  66|0x00000000e4200000, 0x00000000e4200000, 0x00000000e4300000|  0%| F|  |TAMS 0x00000000e4200000, 0x00000000e4200000| Untracked 
|  67|0x00000000e4300000, 0x00000000e4300000, 0x00000000e4400000|  0%| F|  |TAMS 0x00000000e4300000, 0x00000000e4300000| Untracked 
|  68|0x00000000e4400000, 0x00000000e4400000, 0x00000000e4500000|  0%| F|  |TAMS 0x00000000e4400000, 0x00000000e4400000| Untracked 
|  69|0x00000000e4500000, 0x00000000e4500000, 0x00000000e4600000|  0%| F|  |TAMS 0x00000000e4500000, 0x00000000e4500000| Untracked 
|  70|0x00000000e4600000, 0x00000000e4600000, 0x00000000e4700000|  0%| F|  |TAMS 0x00000000e4600000, 0x00000000e4600000| Untracked 
|  71|0x00000000e4700000, 0x00000000e4700000, 0x00000000e4800000|  0%| F|  |TAMS 0x00000000e4700000, 0x00000000e4700000| Untracked 
|  72|0x00000000e4800000, 0x00000000e4800000, 0x00000000e4900000|  0%| F|  |TAMS 0x00000000e4800000, 0x00000000e4800000| Untracked 
|  73|0x00000000e4900000, 0x00000000e4900000, 0x00000000e4a00000|  0%| F|  |TAMS 0x00000000e4900000, 0x00000000e4900000| Untracked 
|  74|0x00000000e4a00000, 0x00000000e4a00000, 0x00000000e4b00000|  0%| F|  |TAMS 0x00000000e4a00000, 0x00000000e4a00000| Untracked 
|  75|0x00000000e4b00000, 0x00000000e4b00000, 0x00000000e4c00000|  0%| F|  |TAMS 0x00000000e4b00000, 0x00000000e4b00000| Untracked 
|  76|0x00000000e4c00000, 0x00000000e4c00000, 0x00000000e4d00000|  0%| F|  |TAMS 0x00000000e4c00000, 0x00000000e4c00000| Untracked 
|  77|0x00000000e4d00000, 0x00000000e4d00000, 0x00000000e4e00000|  0%| F|  |TAMS 0x00000000e4d00000, 0x00000000e4d00000| Untracked 
|  78|0x00000000e4e00000, 0x00000000e4e00000, 0x00000000e4f00000|  0%| F|  |TAMS 0x00000000e4e00000, 0x00000000e4e00000| Untracked 
|  79|0x00000000e4f00000, 0x00000000e4f00000, 0x00000000e5000000|  0%| F|  |TAMS 0x00000000e4f00000, 0x00000000e4f00000| Untracked 
|  80|0x00000000e5000000, 0x00000000e5000000, 0x00000000e5100000|  0%| F|  |TAMS 0x00000000e5000000, 0x00000000e5000000| Untracked 
|  81|0x00000000e5100000, 0x00000000e5100000, 0x00000000e5200000|  0%| F|  |TAMS 0x00000000e5100000, 0x00000000e5100000| Untracked 
|  82|0x00000000e5200000, 0x00000000e5200000, 0x00000000e5300000|  0%| F|  |TAMS 0x00000000e5200000, 0x00000000e5200000| Untracked 
|  83|0x00000000e5300000, 0x00000000e5300000, 0x00000000e5400000|  0%| F|  |TAMS 0x00000000e5300000, 0x00000000e5300000| Untracked 
|  84|0x00000000e5400000, 0x00000000e5400000, 0x00000000e5500000|  0%| F|  |TAMS 0x00000000e5400000, 0x00000000e5400000| Untracked 
|  85|0x00000000e5500000, 0x00000000e5500000, 0x00000000e5600000|  0%| F|  |TAMS 0x00000000e5500000, 0x00000000e5500000| Untracked 
|  86|0x00000000e5600000, 0x00000000e5600000, 0x00000000e5700000|  0%| F|  |TAMS 0x00000000e5600000, 0x00000000e5600000| Untracked 
|  87|0x00000000e5700000, 0x00000000e5700000, 0x00000000e5800000|  0%| F|  |TAMS 0x00000000e5700000, 0x00000000e5700000| Untracked 
|  88|0x00000000e5800000, 0x00000000e5800000, 0x00000000e5900000|  0%| F|  |TAMS 0x00000000e5800000, 0x00000000e5800000| Untracked 
|  89|0x00000000e5900000, 0x00000000e5900000, 0x00000000e5a00000|  0%| F|  |TAMS 0x00000000e5900000, 0x00000000e5900000| Untracked 
|  90|0x00000000e5a00000, 0x00000000e5a00000, 0x00000000e5b00000|  0%| F|  |TAMS 0x00000000e5a00000, 0x00000000e5a00000| Untracked 
|  91|0x00000000e5b00000, 0x00000000e5b00000, 0x00000000e5c00000|  0%| F|  |TAMS 0x00000000e5b00000, 0x00000000e5b00000| Untracked 
|  92|0x00000000e5c00000, 0x00000000e5c00000, 0x00000000e5d00000|  0%| F|  |TAMS 0x00000000e5c00000, 0x00000000e5c00000| Untracked 
|  93|0x00000000e5d00000, 0x00000000e5d00000, 0x00000000e5e00000|  0%| F|  |TAMS 0x00000000e5d00000, 0x00000000e5d00000| Untracked 
|  94|0x00000000e5e00000, 0x00000000e5e00000, 0x00000000e5f00000|  0%| F|  |TAMS 0x00000000e5e00000, 0x00000000e5e00000| Untracked 
|  95|0x00000000e5f00000, 0x00000000e5f00000, 0x00000000e6000000|  0%| F|  |TAMS 0x00000000e5f00000, 0x00000000e5f00000| Untracked 
|  96|0x00000000e6000000, 0x00000000e6000000, 0x00000000e6100000|  0%| F|  |TAMS 0x00000000e6000000, 0x00000000e6000000| Untracked 
|  97|0x00000000e6100000, 0x00000000e6100000, 0x00000000e6200000|  0%| F|  |TAMS 0x00000000e6100000, 0x00000000e6100000| Untracked 
|  98|0x00000000e6200000, 0x00000000e6200000, 0x00000000e6300000|  0%| F|  |TAMS 0x00000000e6200000, 0x00000000e6200000| Untracked 
|  99|0x00000000e6300000, 0x00000000e6300000, 0x00000000e6400000|  0%| F|  |TAMS 0x00000000e6300000, 0x00000000e6300000| Untracked 
| 100|0x00000000e6400000, 0x00000000e6400000, 0x00000000e6500000|  0%| F|  |TAMS 0x00000000e6400000, 0x00000000e6400000| Untracked 
| 101|0x00000000e6500000, 0x00000000e6500000, 0x00000000e6600000|  0%| F|  |TAMS 0x00000000e6500000, 0x00000000e6500000| Untracked 
| 102|0x00000000e6600000, 0x00000000e6600000, 0x00000000e6700000|  0%| F|  |TAMS 0x00000000e6600000, 0x00000000e6600000| Untracked 
| 103|0x00000000e6700000, 0x00000000e6700000, 0x00000000e6800000|  0%| F|  |TAMS 0x00000000e6700000, 0x00000000e6700000| Untracked 
| 104|0x00000000e6800000, 0x00000000e6800000, 0x00000000e6900000|  0%| F|  |TAMS 0x00000000e6800000, 0x00000000e6800000| Untracked 
| 105|0x00000000e6900000, 0x00000000e6900000, 0x00000000e6a00000|  0%| F|  |TAMS 0x00000000e6900000, 0x00000000e6900000| Untracked 
| 106|0x00000000e6a00000, 0x00000000e6a00000, 0x00000000e6b00000|  0%| F|  |TAMS 0x00000000e6a00000, 0x00000000e6a00000| Untracked 
| 107|0x00000000e6b00000, 0x00000000e6b00000, 0x00000000e6c00000|  0%| F|  |TAMS 0x00000000e6b00000, 0x00000000e6b00000| Untracked 
| 108|0x00000000e6c00000, 0x00000000e6c00000, 0x00000000e6d00000|  0%| F|  |TAMS 0x00000000e6c00000, 0x00000000e6c00000| Untracked 
| 109|0x00000000e6d00000, 0x00000000e6d00000, 0x00000000e6e00000|  0%| F|  |TAMS 0x00000000e6d00000, 0x00000000e6d00000| Untracked 
| 110|0x00000000e6e00000, 0x00000000e6e00000, 0x00000000e6f00000|  0%| F|  |TAMS 0x00000000e6e00000, 0x00000000e6e00000| Untracked 
| 111|0x00000000e6f00000, 0x00000000e6f00000, 0x00000000e7000000|  0%| F|  |TAMS 0x00000000e6f00000, 0x00000000e6f00000| Untracked 
| 112|0x00000000e7000000, 0x00000000e7000000, 0x00000000e7100000|  0%| F|  |TAMS 0x00000000e7000000, 0x00000000e7000000| Untracked 
| 113|0x00000000e7100000, 0x00000000e7100000, 0x00000000e7200000|  0%| F|  |TAMS 0x00000000e7100000, 0x00000000e7100000| Untracked 
| 114|0x00000000e7200000, 0x00000000e7200000, 0x00000000e7300000|  0%| F|  |TAMS 0x00000000e7200000, 0x00000000e7200000| Untracked 
| 115|0x00000000e7300000, 0x00000000e7300000, 0x00000000e7400000|  0%| F|  |TAMS 0x00000000e7300000, 0x00000000e7300000| Untracked 
| 116|0x00000000e7400000, 0x00000000e7400000, 0x00000000e7500000|  0%| F|  |TAMS 0x00000000e7400000, 0x00000000e7400000| Untracked 
| 117|0x00000000e7500000, 0x00000000e7500000, 0x00000000e7600000|  0%| F|  |TAMS 0x00000000e7500000, 0x00000000e7500000| Untracked 
| 118|0x00000000e7600000, 0x00000000e7600000, 0x00000000e7700000|  0%| F|  |TAMS 0x00000000e7600000, 0x00000000e7600000| Untracked 
| 119|0x00000000e7700000, 0x00000000e7700000, 0x00000000e7800000|  0%| F|  |TAMS 0x00000000e7700000, 0x00000000e7700000| Untracked 
| 120|0x00000000e7800000, 0x00000000e7800000, 0x00000000e7900000|  0%| F|  |TAMS 0x00000000e7800000, 0x00000000e7800000| Untracked 
| 121|0x00000000e7900000, 0x00000000e7900000, 0x00000000e7a00000|  0%| F|  |TAMS 0x00000000e7900000, 0x00000000e7900000| Untracked 
| 122|0x00000000e7a00000, 0x00000000e7a00000, 0x00000000e7b00000|  0%| F|  |TAMS 0x00000000e7a00000, 0x00000000e7a00000| Untracked 
| 123|0x00000000e7b00000, 0x00000000e7b00000, 0x00000000e7c00000|  0%| F|  |TAMS 0x00000000e7b00000, 0x00000000e7b00000| Untracked 
| 124|0x00000000e7c00000, 0x00000000e7c00000, 0x00000000e7d00000|  0%| F|  |TAMS 0x00000000e7c00000, 0x00000000e7c00000| Untracked 
| 125|0x00000000e7d00000, 0x00000000e7d00000, 0x00000000e7e00000|  0%| F|  |TAMS 0x00000000e7d00000, 0x00000000e7d00000| Untracked 
| 126|0x00000000e7e00000, 0x00000000e7e00000, 0x00000000e7f00000|  0%| F|  |TAMS 0x00000000e7e00000, 0x00000000e7e00000| Untracked 
| 127|0x00000000e7f00000, 0x00000000e7f00000, 0x00000000e8000000|  0%| F|  |TAMS 0x00000000e7f00000, 0x00000000e7f00000| Untracked 
| 128|0x00000000e8000000, 0x00000000e8000000, 0x00000000e8100000|  0%| F|  |TAMS 0x00000000e8000000, 0x00000000e8000000| Untracked 
| 129|0x00000000e8100000, 0x00000000e8100000, 0x00000000e8200000|  0%| F|  |TAMS 0x00000000e8100000, 0x00000000e8100000| Untracked 
| 130|0x00000000e8200000, 0x00000000e8200000, 0x00000000e8300000|  0%| F|  |TAMS 0x00000000e8200000, 0x00000000e8200000| Untracked 
| 131|0x00000000e8300000, 0x00000000e8300000, 0x00000000e8400000|  0%| F|  |TAMS 0x00000000e8300000, 0x00000000e8300000| Untracked 
| 132|0x00000000e8400000, 0x00000000e8400000, 0x00000000e8500000|  0%| F|  |TAMS 0x00000000e8400000, 0x00000000e8400000| Untracked 
| 133|0x00000000e8500000, 0x00000000e8500000, 0x00000000e8600000|  0%| F|  |TAMS 0x00000000e8500000, 0x00000000e8500000| Untracked 
| 134|0x00000000e8600000, 0x00000000e8600000, 0x00000000e8700000|  0%| F|  |TAMS 0x00000000e8600000, 0x00000000e8600000| Untracked 
| 135|0x00000000e8700000, 0x00000000e8700000, 0x00000000e8800000|  0%| F|  |TAMS 0x00000000e8700000, 0x00000000e8700000| Untracked 
| 136|0x00000000e8800000, 0x00000000e8800000, 0x00000000e8900000|  0%| F|  |TAMS 0x00000000e8800000, 0x00000000e8800000| Untracked 
| 137|0x00000000e8900000, 0x00000000e8900000, 0x00000000e8a00000|  0%| F|  |TAMS 0x00000000e8900000, 0x00000000e8900000| Untracked 
| 138|0x00000000e8a00000, 0x00000000e8a00000, 0x00000000e8b00000|  0%| F|  |TAMS 0x00000000e8a00000, 0x00000000e8a00000| Untracked 
| 139|0x00000000e8b00000, 0x00000000e8b00000, 0x00000000e8c00000|  0%| F|  |TAMS 0x00000000e8b00000, 0x00000000e8b00000| Untracked 
| 140|0x00000000e8c00000, 0x00000000e8c00000, 0x00000000e8d00000|  0%| F|  |TAMS 0x00000000e8c00000, 0x00000000e8c00000| Untracked 
| 141|0x00000000e8d00000, 0x00000000e8d80800, 0x00000000e8e00000| 50%| E|  |TAMS 0x00000000e8d00000, 0x00000000e8d00000| Complete 
| 142|0x00000000e8e00000, 0x00000000e8f00000, 0x00000000e8f00000|100%| E|CS|TAMS 0x00000000e8e00000, 0x00000000e8e00000| Complete 
| 143|0x00000000e8f00000, 0x00000000e9000000, 0x00000000e9000000|100%| E|CS|TAMS 0x00000000e8f00000, 0x00000000e8f00000| Complete 
| 144|0x00000000e9000000, 0x00000000e901cfe0, 0x00000000e9100000| 11%| S|CS|TAMS 0x00000000e9000000, 0x00000000e9000000| Complete 
| 145|0x00000000e9100000, 0x00000000e9200000, 0x00000000e9200000|100%| S|CS|TAMS 0x00000000e9100000, 0x00000000e9100000| Complete 
| 146|0x00000000e9200000, 0x00000000e9300000, 0x00000000e9300000|100%| S|CS|TAMS 0x00000000e9200000, 0x00000000e9200000| Complete 
| 147|0x00000000e9300000, 0x00000000e9400000, 0x00000000e9400000|100%| S|CS|TAMS 0x00000000e9300000, 0x00000000e9300000| Complete 
| 148|0x00000000e9400000, 0x00000000e9500000, 0x00000000e9500000|100%| S|CS|TAMS 0x00000000e9400000, 0x00000000e9400000| Complete 
| 149|0x00000000e9500000, 0x00000000e9600000, 0x00000000e9600000|100%| S|CS|TAMS 0x00000000e9500000, 0x00000000e9500000| Complete 
| 150|0x00000000e9600000, 0x00000000e9700000, 0x00000000e9700000|100%| S|CS|TAMS 0x00000000e9600000, 0x00000000e9600000| Complete 
| 151|0x00000000e9700000, 0x00000000e9800000, 0x00000000e9800000|100%| S|CS|TAMS 0x00000000e9700000, 0x00000000e9700000| Complete 
| 152|0x00000000e9800000, 0x00000000e9900000, 0x00000000e9900000|100%| S|CS|TAMS 0x00000000e9800000, 0x00000000e9800000| Complete 
| 153|0x00000000e9900000, 0x00000000e9a00000, 0x00000000e9a00000|100%| S|CS|TAMS 0x00000000e9900000, 0x00000000e9900000| Complete 
| 154|0x00000000e9a00000, 0x00000000e9b00000, 0x00000000e9b00000|100%| S|CS|TAMS 0x00000000e9a00000, 0x00000000e9a00000| Complete 
| 155|0x00000000e9b00000, 0x00000000e9c00000, 0x00000000e9c00000|100%| E|CS|TAMS 0x00000000e9b00000, 0x00000000e9b00000| Complete 
| 156|0x00000000e9c00000, 0x00000000e9d00000, 0x00000000e9d00000|100%| E|CS|TAMS 0x00000000e9c00000, 0x00000000e9c00000| Complete 
| 157|0x00000000e9d00000, 0x00000000e9e00000, 0x00000000e9e00000|100%| E|CS|TAMS 0x00000000e9d00000, 0x00000000e9d00000| Complete 
| 158|0x00000000e9e00000, 0x00000000e9f00000, 0x00000000e9f00000|100%| E|CS|TAMS 0x00000000e9e00000, 0x00000000e9e00000| Complete 
| 159|0x00000000e9f00000, 0x00000000ea000000, 0x00000000ea000000|100%| E|CS|TAMS 0x00000000e9f00000, 0x00000000e9f00000| Complete 
| 160|0x00000000ea000000, 0x00000000ea100000, 0x00000000ea100000|100%| E|CS|TAMS 0x00000000ea000000, 0x00000000ea000000| Complete 
| 161|0x00000000ea100000, 0x00000000ea200000, 0x00000000ea200000|100%| E|CS|TAMS 0x00000000ea100000, 0x00000000ea100000| Complete 
| 162|0x00000000ea200000, 0x00000000ea300000, 0x00000000ea300000|100%| E|CS|TAMS 0x00000000ea200000, 0x00000000ea200000| Complete 
| 163|0x00000000ea300000, 0x00000000ea400000, 0x00000000ea400000|100%| E|CS|TAMS 0x00000000ea300000, 0x00000000ea300000| Complete 
| 164|0x00000000ea400000, 0x00000000ea500000, 0x00000000ea500000|100%| E|CS|TAMS 0x00000000ea400000, 0x00000000ea400000| Complete 
| 165|0x00000000ea500000, 0x00000000ea600000, 0x00000000ea600000|100%| E|CS|TAMS 0x00000000ea500000, 0x00000000ea500000| Complete 
| 166|0x00000000ea600000, 0x00000000ea700000, 0x00000000ea700000|100%| E|CS|TAMS 0x00000000ea600000, 0x00000000ea600000| Complete 
| 167|0x00000000ea700000, 0x00000000ea800000, 0x00000000ea800000|100%| E|CS|TAMS 0x00000000ea700000, 0x00000000ea700000| Complete 
| 168|0x00000000ea800000, 0x00000000ea900000, 0x00000000ea900000|100%| E|CS|TAMS 0x00000000ea800000, 0x00000000ea800000| Complete 
| 169|0x00000000ea900000, 0x00000000eaa00000, 0x00000000eaa00000|100%| E|CS|TAMS 0x00000000ea900000, 0x00000000ea900000| Complete 
| 170|0x00000000eaa00000, 0x00000000eab00000, 0x00000000eab00000|100%| E|CS|TAMS 0x00000000eaa00000, 0x00000000eaa00000| Complete 
| 171|0x00000000eab00000, 0x00000000eac00000, 0x00000000eac00000|100%| E|CS|TAMS 0x00000000eab00000, 0x00000000eab00000| Complete 
| 172|0x00000000eac00000, 0x00000000ead00000, 0x00000000ead00000|100%| E|CS|TAMS 0x00000000eac00000, 0x00000000eac00000| Complete 
| 173|0x00000000ead00000, 0x00000000eae00000, 0x00000000eae00000|100%| E|CS|TAMS 0x00000000ead00000, 0x00000000ead00000| Complete 
| 174|0x00000000eae00000, 0x00000000eaf00000, 0x00000000eaf00000|100%| E|CS|TAMS 0x00000000eae00000, 0x00000000eae00000| Complete 
| 175|0x00000000eaf00000, 0x00000000eb000000, 0x00000000eb000000|100%| E|CS|TAMS 0x00000000eaf00000, 0x00000000eaf00000| Complete 
| 176|0x00000000eb000000, 0x00000000eb100000, 0x00000000eb100000|100%| E|CS|TAMS 0x00000000eb000000, 0x00000000eb000000| Complete 
| 177|0x00000000eb100000, 0x00000000eb200000, 0x00000000eb200000|100%| E|CS|TAMS 0x00000000eb100000, 0x00000000eb100000| Complete 
| 178|0x00000000eb200000, 0x00000000eb300000, 0x00000000eb300000|100%| E|CS|TAMS 0x00000000eb200000, 0x00000000eb200000| Complete 
| 179|0x00000000eb300000, 0x00000000eb400000, 0x00000000eb400000|100%| E|CS|TAMS 0x00000000eb300000, 0x00000000eb300000| Complete 
| 180|0x00000000eb400000, 0x00000000eb500000, 0x00000000eb500000|100%| E|CS|TAMS 0x00000000eb400000, 0x00000000eb400000| Complete 
| 181|0x00000000eb500000, 0x00000000eb600000, 0x00000000eb600000|100%| E|CS|TAMS 0x00000000eb500000, 0x00000000eb500000| Complete 
| 182|0x00000000eb600000, 0x00000000eb700000, 0x00000000eb700000|100%| E|CS|TAMS 0x00000000eb600000, 0x00000000eb600000| Complete 
| 183|0x00000000eb700000, 0x00000000eb800000, 0x00000000eb800000|100%| E|CS|TAMS 0x00000000eb700000, 0x00000000eb700000| Complete 
| 184|0x00000000eb800000, 0x00000000eb900000, 0x00000000eb900000|100%| E|CS|TAMS 0x00000000eb800000, 0x00000000eb800000| Complete 
| 185|0x00000000eb900000, 0x00000000eba00000, 0x00000000eba00000|100%| E|CS|TAMS 0x00000000eb900000, 0x00000000eb900000| Complete 
| 186|0x00000000eba00000, 0x00000000ebb00000, 0x00000000ebb00000|100%| E|CS|TAMS 0x00000000eba00000, 0x00000000eba00000| Complete 
| 187|0x00000000ebb00000, 0x00000000ebc00000, 0x00000000ebc00000|100%| E|CS|TAMS 0x00000000ebb00000, 0x00000000ebb00000| Complete 
| 188|0x00000000ebc00000, 0x00000000ebd00000, 0x00000000ebd00000|100%| E|CS|TAMS 0x00000000ebc00000, 0x00000000ebc00000| Complete 
| 189|0x00000000ebd00000, 0x00000000ebe00000, 0x00000000ebe00000|100%| E|CS|TAMS 0x00000000ebd00000, 0x00000000ebd00000| Complete 
| 190|0x00000000ebe00000, 0x00000000ebf00000, 0x00000000ebf00000|100%| E|CS|TAMS 0x00000000ebe00000, 0x00000000ebe00000| Complete 
| 191|0x00000000ebf00000, 0x00000000ec000000, 0x00000000ec000000|100%| E|CS|TAMS 0x00000000ebf00000, 0x00000000ebf00000| Complete 
| 192|0x00000000ec000000, 0x00000000ec100000, 0x00000000ec100000|100%| E|CS|TAMS 0x00000000ec000000, 0x00000000ec000000| Complete 
| 193|0x00000000ec100000, 0x00000000ec200000, 0x00000000ec200000|100%| E|CS|TAMS 0x00000000ec100000, 0x00000000ec100000| Complete 
| 194|0x00000000ec200000, 0x00000000ec300000, 0x00000000ec300000|100%| E|CS|TAMS 0x00000000ec200000, 0x00000000ec200000| Complete 
| 195|0x00000000ec300000, 0x00000000ec400000, 0x00000000ec400000|100%| E|CS|TAMS 0x00000000ec300000, 0x00000000ec300000| Complete 
| 196|0x00000000ec400000, 0x00000000ec500000, 0x00000000ec500000|100%| E|CS|TAMS 0x00000000ec400000, 0x00000000ec400000| Complete 
| 197|0x00000000ec500000, 0x00000000ec600000, 0x00000000ec600000|100%| E|CS|TAMS 0x00000000ec500000, 0x00000000ec500000| Complete 
| 198|0x00000000ec600000, 0x00000000ec700000, 0x00000000ec700000|100%| E|CS|TAMS 0x00000000ec600000, 0x00000000ec600000| Complete 
| 199|0x00000000ec700000, 0x00000000ec800000, 0x00000000ec800000|100%| E|CS|TAMS 0x00000000ec700000, 0x00000000ec700000| Complete 
| 200|0x00000000ec800000, 0x00000000ec900000, 0x00000000ec900000|100%| E|CS|TAMS 0x00000000ec800000, 0x00000000ec800000| Complete 
| 201|0x00000000ec900000, 0x00000000eca00000, 0x00000000eca00000|100%| E|CS|TAMS 0x00000000ec900000, 0x00000000ec900000| Complete 
| 202|0x00000000eca00000, 0x00000000ecb00000, 0x00000000ecb00000|100%| E|CS|TAMS 0x00000000eca00000, 0x00000000eca00000| Complete 
| 203|0x00000000ecb00000, 0x00000000ecc00000, 0x00000000ecc00000|100%| E|CS|TAMS 0x00000000ecb00000, 0x00000000ecb00000| Complete 
| 204|0x00000000ecc00000, 0x00000000ecd00000, 0x00000000ecd00000|100%| E|CS|TAMS 0x00000000ecc00000, 0x00000000ecc00000| Complete 
| 205|0x00000000ecd00000, 0x00000000ece00000, 0x00000000ece00000|100%| E|CS|TAMS 0x00000000ecd00000, 0x00000000ecd00000| Complete 
| 206|0x00000000ece00000, 0x00000000ecf00000, 0x00000000ecf00000|100%| E|CS|TAMS 0x00000000ece00000, 0x00000000ece00000| Complete 
| 207|0x00000000ecf00000, 0x00000000ed000000, 0x00000000ed000000|100%| E|CS|TAMS 0x00000000ecf00000, 0x00000000ecf00000| Complete 
| 208|0x00000000ed000000, 0x00000000ed100000, 0x00000000ed100000|100%| E|CS|TAMS 0x00000000ed000000, 0x00000000ed000000| Complete 
| 209|0x00000000ed100000, 0x00000000ed200000, 0x00000000ed200000|100%| E|CS|TAMS 0x00000000ed100000, 0x00000000ed100000| Complete 
| 210|0x00000000ed200000, 0x00000000ed300000, 0x00000000ed300000|100%| E|CS|TAMS 0x00000000ed200000, 0x00000000ed200000| Complete 
| 211|0x00000000ed300000, 0x00000000ed400000, 0x00000000ed400000|100%| E|CS|TAMS 0x00000000ed300000, 0x00000000ed300000| Complete 
| 212|0x00000000ed400000, 0x00000000ed500000, 0x00000000ed500000|100%| E|CS|TAMS 0x00000000ed400000, 0x00000000ed400000| Complete 
| 213|0x00000000ed500000, 0x00000000ed600000, 0x00000000ed600000|100%| E|CS|TAMS 0x00000000ed500000, 0x00000000ed500000| Complete 
| 214|0x00000000ed600000, 0x00000000ed700000, 0x00000000ed700000|100%| E|CS|TAMS 0x00000000ed600000, 0x00000000ed600000| Complete 
| 215|0x00000000ed700000, 0x00000000ed800000, 0x00000000ed800000|100%| E|CS|TAMS 0x00000000ed700000, 0x00000000ed700000| Complete 
| 216|0x00000000ed800000, 0x00000000ed900000, 0x00000000ed900000|100%| E|CS|TAMS 0x00000000ed800000, 0x00000000ed800000| Complete 
| 217|0x00000000ed900000, 0x00000000eda00000, 0x00000000eda00000|100%| E|CS|TAMS 0x00000000ed900000, 0x00000000ed900000| Complete 
| 218|0x00000000eda00000, 0x00000000edb00000, 0x00000000edb00000|100%| E|CS|TAMS 0x00000000eda00000, 0x00000000eda00000| Complete 
| 219|0x00000000edb00000, 0x00000000edc00000, 0x00000000edc00000|100%| E|CS|TAMS 0x00000000edb00000, 0x00000000edb00000| Complete 
| 220|0x00000000edc00000, 0x00000000edd00000, 0x00000000edd00000|100%| E|CS|TAMS 0x00000000edc00000, 0x00000000edc00000| Complete 
| 221|0x00000000edd00000, 0x00000000ede00000, 0x00000000ede00000|100%| E|CS|TAMS 0x00000000edd00000, 0x00000000edd00000| Complete 
| 222|0x00000000ede00000, 0x00000000edf00000, 0x00000000edf00000|100%| E|CS|TAMS 0x00000000ede00000, 0x00000000ede00000| Complete 
| 223|0x00000000edf00000, 0x00000000ee000000, 0x00000000ee000000|100%| E|CS|TAMS 0x00000000edf00000, 0x00000000edf00000| Complete 
| 224|0x00000000ee000000, 0x00000000ee100000, 0x00000000ee100000|100%| E|CS|TAMS 0x00000000ee000000, 0x00000000ee000000| Complete 
| 225|0x00000000ee100000, 0x00000000ee200000, 0x00000000ee200000|100%| E|CS|TAMS 0x00000000ee100000, 0x00000000ee100000| Complete 
| 226|0x00000000ee200000, 0x00000000ee300000, 0x00000000ee300000|100%| E|CS|TAMS 0x00000000ee200000, 0x00000000ee200000| Complete 
| 227|0x00000000ee300000, 0x00000000ee400000, 0x00000000ee400000|100%| E|CS|TAMS 0x00000000ee300000, 0x00000000ee300000| Complete 
| 228|0x00000000ee400000, 0x00000000ee500000, 0x00000000ee500000|100%| E|CS|TAMS 0x00000000ee400000, 0x00000000ee400000| Complete 
| 229|0x00000000ee500000, 0x00000000ee600000, 0x00000000ee600000|100%| E|CS|TAMS 0x00000000ee500000, 0x00000000ee500000| Complete 
| 230|0x00000000ee600000, 0x00000000ee700000, 0x00000000ee700000|100%| E|CS|TAMS 0x00000000ee600000, 0x00000000ee600000| Complete 
| 231|0x00000000ee700000, 0x00000000ee800000, 0x00000000ee800000|100%| E|CS|TAMS 0x00000000ee700000, 0x00000000ee700000| Complete 
| 232|0x00000000ee800000, 0x00000000ee900000, 0x00000000ee900000|100%| E|CS|TAMS 0x00000000ee800000, 0x00000000ee800000| Complete 
| 233|0x00000000ee900000, 0x00000000eea00000, 0x00000000eea00000|100%| E|CS|TAMS 0x00000000ee900000, 0x00000000ee900000| Complete 
| 234|0x00000000eea00000, 0x00000000eeb00000, 0x00000000eeb00000|100%| E|CS|TAMS 0x00000000eea00000, 0x00000000eea00000| Complete 
| 235|0x00000000eeb00000, 0x00000000eec00000, 0x00000000eec00000|100%| E|CS|TAMS 0x00000000eeb00000, 0x00000000eeb00000| Complete 
| 236|0x00000000eec00000, 0x00000000eed00000, 0x00000000eed00000|100%| E|CS|TAMS 0x00000000eec00000, 0x00000000eec00000| Complete 
| 237|0x00000000eed00000, 0x00000000eee00000, 0x00000000eee00000|100%| E|CS|TAMS 0x00000000eed00000, 0x00000000eed00000| Complete 
| 238|0x00000000eee00000, 0x00000000eef00000, 0x00000000eef00000|100%| E|CS|TAMS 0x00000000eee00000, 0x00000000eee00000| Complete 
| 239|0x00000000eef00000, 0x00000000ef000000, 0x00000000ef000000|100%| E|CS|TAMS 0x00000000eef00000, 0x00000000eef00000| Complete 
| 240|0x00000000ef000000, 0x00000000ef100000, 0x00000000ef100000|100%| E|CS|TAMS 0x00000000ef000000, 0x00000000ef000000| Complete 
| 241|0x00000000ef100000, 0x00000000ef200000, 0x00000000ef200000|100%| E|CS|TAMS 0x00000000ef100000, 0x00000000ef100000| Complete 
| 242|0x00000000ef200000, 0x00000000ef300000, 0x00000000ef300000|100%| E|CS|TAMS 0x00000000ef200000, 0x00000000ef200000| Complete 
| 243|0x00000000ef300000, 0x00000000ef400000, 0x00000000ef400000|100%| E|CS|TAMS 0x00000000ef300000, 0x00000000ef300000| Complete 
| 244|0x00000000ef400000, 0x00000000ef500000, 0x00000000ef500000|100%| E|CS|TAMS 0x00000000ef400000, 0x00000000ef400000| Complete 
| 245|0x00000000ef500000, 0x00000000ef600000, 0x00000000ef600000|100%| E|CS|TAMS 0x00000000ef500000, 0x00000000ef500000| Complete 
| 246|0x00000000ef600000, 0x00000000ef700000, 0x00000000ef700000|100%| E|CS|TAMS 0x00000000ef600000, 0x00000000ef600000| Complete 
| 247|0x00000000ef700000, 0x00000000ef800000, 0x00000000ef800000|100%| E|CS|TAMS 0x00000000ef700000, 0x00000000ef700000| Complete 
| 248|0x00000000ef800000, 0x00000000ef900000, 0x00000000ef900000|100%| E|CS|TAMS 0x00000000ef800000, 0x00000000ef800000| Complete 
| 249|0x00000000ef900000, 0x00000000efa00000, 0x00000000efa00000|100%| E|CS|TAMS 0x00000000ef900000, 0x00000000ef900000| Complete 
| 250|0x00000000efa00000, 0x00000000efb00000, 0x00000000efb00000|100%| E|CS|TAMS 0x00000000efa00000, 0x00000000efa00000| Complete 
| 251|0x00000000efb00000, 0x00000000efc00000, 0x00000000efc00000|100%| E|CS|TAMS 0x00000000efb00000, 0x00000000efb00000| Complete 
| 252|0x00000000efc00000, 0x00000000efd00000, 0x00000000efd00000|100%| E|CS|TAMS 0x00000000efc00000, 0x00000000efc00000| Complete 
| 253|0x00000000efd00000, 0x00000000efe00000, 0x00000000efe00000|100%| E|CS|TAMS 0x00000000efd00000, 0x00000000efd00000| Complete 
| 254|0x00000000efe00000, 0x00000000eff00000, 0x00000000eff00000|100%| E|CS|TAMS 0x00000000efe00000, 0x00000000efe00000| Complete 
| 255|0x00000000eff00000, 0x00000000f0000000, 0x00000000f0000000|100%| E|CS|TAMS 0x00000000eff00000, 0x00000000eff00000| Complete 

Card table byte_map: [0x0000023efa180000,0x0000023efa280000] _byte_map_base: 0x0000023ef9a80000

Marking Bits (Prev, Next): (CMBitMap*) 0x0000023ef161e858, (CMBitMap*) 0x0000023ef161e890
 Prev Bits: [0x0000023efa380000, 0x0000023efab80000)
 Next Bits: [0x0000023efab80000, 0x0000023efb380000)

Polling page: 0x0000023ef0dd0000

Metaspace:

Usage:
  Non-class:     43.86 MB capacity,    43.07 MB ( 98%) used,   684.27 KB (  2%) free+waste,   120.31 KB ( <1%) overhead. 
      Class:      6.85 MB capacity,     6.41 MB ( 94%) used,   394.98 KB (  6%) free+waste,    57.50 KB ( <1%) overhead. 
       Both:     50.71 MB capacity,    49.48 MB ( 98%) used,     1.05 MB (  2%) free+waste,   177.81 KB ( <1%) overhead. 

Virtual space:
  Non-class space:       44.00 MB reserved,      44.00 MB (100%) committed 
      Class space:      248.00 MB reserved,       6.88 MB (  3%) committed 
             Both:      292.00 MB reserved,      50.88 MB ( 17%) committed 

Chunk freelists:
   Non-Class:  19.00 KB
       Class:  0 bytes
        Both:  19.00 KB

MaxMetaspaceSize: 256.00 MB
CompressedClassSpaceSize: 248.00 MB
Initial GC threshold: 20.80 MB
Current GC threshold: 58.34 MB
CDS: off

CodeHeap 'non-profiled nmethods': size=120000Kb used=2962Kb max_used=2962Kb free=117037Kb
 bounds [0x0000023e87ad0000, 0x0000023e87dc0000, 0x0000023e8f000000]
CodeHeap 'profiled nmethods': size=120000Kb used=10749Kb max_used=10749Kb free=109250Kb
 bounds [0x0000023e805a0000, 0x0000023e81020000, 0x0000023e87ad0000]
CodeHeap 'non-nmethods': size=5760Kb used=2276Kb max_used=2341Kb free=3483Kb
 bounds [0x0000023e80000000, 0x0000023e80270000, 0x0000023e805a0000]
 total_blobs=5657 nmethods=4886 adapters=683
 compilation: enabled
              stopped_count=0, restarted_count=0
 full_count=0

Compilation events (20 events):
Event: 16.559 Thread 0x0000023efe754000 4855   !   3       org.gradle.internal.metaobject.BeanDynamicObject$MetaClassAdapter::getProperty (211 bytes)
Event: 16.563 Thread 0x0000023efe74f000 nmethod 4432 0x0000023e87daa610 code [0x0000023e87daa9e0, 0x0000023e87dae818]
Event: 16.563 Thread 0x0000023efe754000 nmethod 4855 0x0000023e8100dd10 code [0x0000023e8100e080, 0x0000023e8100fb88]
Event: 16.563 Thread 0x0000023efe754000 4858       3       org.gradle.api.internal.DefaultMutationGuard::isMutationAllowed (14 bytes)
Event: 16.563 Thread 0x0000023efe754000 nmethod 4858 0x0000023e81010310 code [0x0000023e810104e0, 0x0000023e810107a8]
Event: 16.563 Thread 0x0000023efe754000 4856   !   3       org.gradle.api.internal.DynamicPropertyNamer::determineName (107 bytes)
Event: 16.565 Thread 0x0000023efe74f000 4825   !   4       io.spring.gradle.dependencymanagement.org.apache.maven.model.interpolation.AbstractStringBasedModelInterpolator::interpolateInternal (357 bytes)
Event: 16.565 Thread 0x0000023efe754000 nmethod 4856 0x0000023e81010890 code [0x0000023e81010ba0, 0x0000023e81011f18]
Event: 16.565 Thread 0x0000023efe754000 4860       3       org.gradle.internal.io.StreamByteBuffer::prepareRead (102 bytes)
Event: 16.566 Thread 0x0000023efe754000 nmethod 4860 0x0000023e81012590 code [0x0000023e810127c0, 0x0000023e81013038]
Event: 16.566 Thread 0x0000023efe754000 4859       1       org.gradle.api.internal.project.DefaultProjectStateRegistry$ProjectStateImpl::getIdentityPath (5 bytes)
Event: 16.566 Thread 0x0000023efe754000 nmethod 4859 0x0000023e87db0890 code [0x0000023e87db0a40, 0x0000023e87db0af8]
Event: 16.566 Thread 0x0000023efe754000 4861       1       org.gradle.internal.component.model.DefaultVariantMetadata::getArtifacts (5 bytes)
Event: 16.567 Thread 0x0000023efe754000 nmethod 4861 0x0000023e87db0b90 code [0x0000023e87db0d40, 0x0000023e87db0df8]
Event: 16.567 Thread 0x0000023efe754000 4862       3       io.spring.gradle.dependencymanagement.org.codehaus.plexus.util.xml.pull.MXParser::skipS (18 bytes)
Event: 16.568 Thread 0x0000023efe754000 nmethod 4862 0x0000023e81013290 code [0x0000023e81013460, 0x0000023e810137e8]
Event: 16.568 Thread 0x0000023efe754000 4863       3       java.util.LinkedHashMap::<init> (11 bytes)
Event: 16.568 Thread 0x0000023efe754000 nmethod 4863 0x0000023e81013910 code [0x0000023e81013b00, 0x0000023e81013ca8]
Event: 16.572 Thread 0x0000023efe754000 4865       1       io.spring.gradle.dependencymanagement.org.apache.maven.model.Dependency::getOptional (5 bytes)
Event: 16.573 Thread 0x0000023efe754000 nmethod 4865 0x0000023e87db0e90 code [0x0000023e87db1040, 0x0000023e87db10f8]

GC Heap History (10 events):
Event: 1.821 GC heap before
{Heap before GC invocations=0 (full 0):
 garbage-first heap   total 262144K, used 29696K [0x00000000e0000000, 0x0000000100000000)
  region size 1024K, 24 young (24576K), 0 survivors (0K)
 Metaspace       used 10462K, capacity 10675K, committed 10880K, reserved 264192K
  class space    used 1080K, capacity 1131K, committed 1152K, reserved 253952K
}
Event: 1.847 GC heap after
{Heap after GC invocations=1 (full 0):
 garbage-first heap   total 262144K, used 8811K [0x00000000e0000000, 0x0000000100000000)
  region size 1024K, 3 young (3072K), 3 survivors (3072K)
 Metaspace       used 10462K, capacity 10675K, committed 10880K, reserved 264192K
  class space    used 1080K, capacity 1131K, committed 1152K, reserved 253952K
}
Event: 8.948 GC heap before
{Heap before GC invocations=1 (full 0):
 garbage-first heap   total 262144K, used 82539K [0x00000000e0000000, 0x0000000100000000)
  region size 1024K, 75 young (76800K), 3 survivors (3072K)
 Metaspace       used 20537K, capacity 20970K, committed 21248K, reserved 274432K
  class space    used 2408K, capacity 2530K, committed 2560K, reserved 253952K
}
Event: 8.964 GC heap after
{Heap after GC invocations=2 (full 0):
 garbage-first heap   total 262144K, used 15743K [0x00000000e0000000, 0x0000000100000000)
  region size 1024K, 10 young (10240K), 10 survivors (10240K)
 Metaspace       used 20537K, capacity 20970K, committed 21248K, reserved 274432K
  class space    used 2408K, capacity 2530K, committed 2560K, reserved 253952K
}
Event: 10.329 GC heap before
{Heap before GC invocations=3 (full 0):
 garbage-first heap   total 262144K, used 68991K [0x00000000e0000000, 0x0000000100000000)
  region size 1024K, 63 young (64512K), 10 survivors (10240K)
 Metaspace       used 26838K, capacity 27511K, committed 27776K, reserved 278528K
  class space    used 3409K, capacity 3633K, committed 3712K, reserved 253952K
}
Event: 10.339 GC heap after
{Heap after GC invocations=4 (full 0):
 garbage-first heap   total 262144K, used 17764K [0x00000000e0000000, 0x0000000100000000)
  region size 1024K, 3 young (3072K), 3 survivors (3072K)
 Metaspace       used 26838K, capacity 27511K, committed 27776K, reserved 278528K
  class space    used 3409K, capacity 3633K, committed 3712K, reserved 253952K
}
Event: 11.669 GC heap before
{Heap before GC invocations=4 (full 0):
 garbage-first heap   total 262144K, used 59748K [0x00000000e0000000, 0x0000000100000000)
  region size 1024K, 43 young (44032K), 3 survivors (3072K)
 Metaspace       used 34849K, capacity 35532K, committed 35584K, reserved 286720K
  class space    used 4306K, capacity 4560K, committed 4608K, reserved 253952K
}
Event: 11.680 GC heap after
{Heap after GC invocations=5 (full 0):
 garbage-first heap   total 262144K, used 22913K [0x00000000e0000000, 0x0000000100000000)
  region size 1024K, 6 young (6144K), 6 survivors (6144K)
 Metaspace       used 34849K, capacity 35532K, committed 35584K, reserved 286720K
  class space    used 4306K, capacity 4560K, committed 4608K, reserved 253952K
}
Event: 14.123 GC heap before
{Heap before GC invocations=6 (full 0):
 garbage-first heap   total 262144K, used 119169K [0x00000000e0000000, 0x0000000100000000)
  region size 1024K, 101 young (103424K), 6 survivors (6144K)
 Metaspace       used 43780K, capacity 44793K, committed 45056K, reserved 292864K
  class space    used 5632K, capacity 6022K, committed 6144K, reserved 253952K
}
Event: 14.136 GC heap after
{Heap after GC invocations=7 (full 0):
 garbage-first heap   total 262144K, used 25570K [0x00000000e0000000, 0x0000000100000000)
  region size 1024K, 11 young (11264K), 11 survivors (11264K)
 Metaspace       used 43780K, capacity 44793K, committed 45056K, reserved 292864K
  class space    used 5632K, capacity 6022K, committed 6144K, reserved 253952K
}

Deoptimization events (20 events):
Event: 16.456 Thread 0x0000023e8f55b000 Uncommon trap: trap_request=0xffffff4d fr.pc=0x0000023e87d9e7b0 relative=0x0000000000000e50
Event: 16.457 Thread 0x0000023e8f55b000 Uncommon trap: reason=unstable_if action=reinterpret pc=0x0000023e87d9e7b0 method=io.spring.gradle.dependencymanagement.org.codehaus.plexus.util.xml.pull.MXParser.nextImpl()I @ 965 c2
Event: 16.457 Thread 0x0000023e8f55b000 DEOPT PACKING pc=0x0000023e87d9e7b0 sp=0x00000080aeaf8370
Event: 16.457 Thread 0x0000023e8f55b000 DEOPT UNPACKING pc=0x0000023e8004a1af sp=0x00000080aeaf8308 mode 2
Event: 16.487 Thread 0x0000023e8f55b000 Uncommon trap: trap_request=0xffffff6e fr.pc=0x0000023e87da2220 relative=0x00000000000000e0
Event: 16.487 Thread 0x0000023e8f55b000 Uncommon trap: reason=speculate_class_check action=maybe_recompile pc=0x0000023e87da2220 method=jdk.internal.reflect.UnsafeObjectFieldAccessorImpl.get(Ljava/lang/Object;)Ljava/lang/Object; @ 13 c2
Event: 16.487 Thread 0x0000023e8f55b000 DEOPT PACKING pc=0x0000023e87da2220 sp=0x00000080aeaf6870
Event: 16.487 Thread 0x0000023e8f55b000 DEOPT UNPACKING pc=0x0000023e8004a1af sp=0x00000080aeaf6808 mode 2
Event: 16.487 Thread 0x0000023e8f55b000 Uncommon trap: trap_request=0xffffff6e fr.pc=0x0000023e87da2220 relative=0x00000000000000e0
Event: 16.488 Thread 0x0000023e8f55b000 Uncommon trap: reason=speculate_class_check action=maybe_recompile pc=0x0000023e87da2220 method=jdk.internal.reflect.UnsafeObjectFieldAccessorImpl.get(Ljava/lang/Object;)Ljava/lang/Object; @ 13 c2
Event: 16.488 Thread 0x0000023e8f55b000 DEOPT PACKING pc=0x0000023e87da2220 sp=0x00000080aeaf69f0
Event: 16.488 Thread 0x0000023e8f55b000 DEOPT UNPACKING pc=0x0000023e8004a1af sp=0x00000080aeaf6988 mode 2
Event: 16.488 Thread 0x0000023e8f55b000 Uncommon trap: trap_request=0xffffff6e fr.pc=0x0000023e87da2220 relative=0x00000000000000e0
Event: 16.488 Thread 0x0000023e8f55b000 Uncommon trap: reason=speculate_class_check action=maybe_recompile pc=0x0000023e87da2220 method=jdk.internal.reflect.UnsafeObjectFieldAccessorImpl.get(Ljava/lang/Object;)Ljava/lang/Object; @ 13 c2
Event: 16.488 Thread 0x0000023e8f55b000 DEOPT PACKING pc=0x0000023e87da2220 sp=0x00000080aeaf69f0
Event: 16.488 Thread 0x0000023e8f55b000 DEOPT UNPACKING pc=0x0000023e8004a1af sp=0x00000080aeaf6988 mode 2
Event: 16.488 Thread 0x0000023e8f55b000 Uncommon trap: trap_request=0xffffff6e fr.pc=0x0000023e87da2220 relative=0x00000000000000e0
Event: 16.488 Thread 0x0000023e8f55b000 Uncommon trap: reason=speculate_class_check action=maybe_recompile pc=0x0000023e87da2220 method=jdk.internal.reflect.UnsafeObjectFieldAccessorImpl.get(Ljava/lang/Object;)Ljava/lang/Object; @ 13 c2
Event: 16.488 Thread 0x0000023e8f55b000 DEOPT PACKING pc=0x0000023e87da2220 sp=0x00000080aeaf68f0
Event: 16.488 Thread 0x0000023e8f55b000 DEOPT UNPACKING pc=0x0000023e8004a1af sp=0x00000080aeaf6888 mode 2

Classes redefined (0 events):
No events

Internal exceptions (20 events):
Event: 14.906 Thread 0x0000023e8f55b000 Exception <a 'java/lang/ClassNotFoundException'{0x00000000ed7e18e8}: org/gradle/api/tasks/testing/AbstractTestTaskBeanInfo> (0x00000000ed7e18e8) thrown at [./src/hotspot/share/classfile/systemDictionary.cpp, line 230]
Event: 14.907 Thread 0x0000023e8f55b000 Exception <a 'java/lang/ClassNotFoundException'{0x00000000ed600968}: org/gradle/api/internal/ConventionTaskBeanInfo> (0x00000000ed600968) thrown at [./src/hotspot/share/classfile/systemDictionary.cpp, line 230]
Event: 14.909 Thread 0x0000023e8f55b000 Exception <a 'java/lang/ClassNotFoundException'{0x00000000ed61cf00}: org/gradle/api/DefaultTaskBeanInfo> (0x00000000ed61cf00) thrown at [./src/hotspot/share/classfile/systemDictionary.cpp, line 230]
Event: 14.910 Thread 0x0000023e8f55b000 Exception <a 'java/lang/ClassNotFoundException'{0x00000000ed63b910}: org/gradle/api/internal/AbstractTaskBeanInfo> (0x00000000ed63b910) thrown at [./src/hotspot/share/classfile/systemDictionary.cpp, line 230]
Event: 14.912 Thread 0x0000023e8f55b000 Exception <a 'java/lang/ClassNotFoundException'{0x00000000ed65a3c8}: org/gradle/api/internal/AbstractTaskCustomizer> (0x00000000ed65a3c8) thrown at [./src/hotspot/share/classfile/systemDictionary.cpp, line 230]
Event: 14.916 Thread 0x0000023e8f55b000 Exception <a 'java/lang/ClassNotFoundException'{0x00000000ed6ba018}: org/gradle/api/DefaultTaskCustomizer> (0x00000000ed6ba018) thrown at [./src/hotspot/share/classfile/systemDictionary.cpp, line 230]
Event: 14.918 Thread 0x0000023e8f55b000 Exception <a 'java/lang/ClassNotFoundException'{0x00000000ed6e4b30}: org/gradle/api/internal/ConventionTaskCustomizer> (0x00000000ed6e4b30) thrown at [./src/hotspot/share/classfile/systemDictionary.cpp, line 230]
Event: 14.920 Thread 0x0000023e8f55b000 Exception <a 'java/lang/ClassNotFoundException'{0x00000000ed51db38}: org/gradle/api/tasks/testing/AbstractTestTaskCustomizer> (0x00000000ed51db38) thrown at [./src/hotspot/share/classfile/systemDictionary.cpp, line 230]
Event: 14.923 Thread 0x0000023e8f55b000 Exception <a 'java/lang/ClassNotFoundException'{0x00000000ed563260}: org/gradle/api/tasks/testing/TestCustomizer> (0x00000000ed563260) thrown at [./src/hotspot/share/classfile/systemDictionary.cpp, line 230]
Event: 14.935 Thread 0x0000023e8f55b000 Exception <a 'java/lang/ClassNotFoundException'{0x00000000ed424530}: org/gradle/api/tasks/testing/Test_DecoratedCustomizer> (0x00000000ed424530) thrown at [./src/hotspot/share/classfile/systemDictionary.cpp, line 230]
Event: 15.025 Thread 0x0000023e8f55b000 Exception <a 'java/lang/NoSuchMethodError'{0x00000000ed135e60}: 'org.gradle.api.provider.Property org.springframework.boot.gradle.tasks.run.BootRun.getMainClass()'> (0x00000000ed135e60) thrown at [./src/hotspot/share/interpreter/linkResolver.cpp, line 773]
Event: 15.118 Thread 0x0000023e8f55b000 Exception <a 'java/lang/NoSuchMethodError'{0x00000000ece637e8}: 'java.lang.Object java.lang.invoke.Invokers$Holder.linkToTargetMethod(java.lang.Object, int, java.lang.Object)'> (0x00000000ece637e8) thrown at [./src/hotspot/share/interpreter/linkResolver.cpp, line 773]
Event: 15.336 Thread 0x0000023e8f55b000 Exception <a 'java/lang/IncompatibleClassChangeError'{0x00000000ec692e28}: Found class java.lang.Object, but interface was expected> (0x00000000ec692e28) thrown at [./src/hotspot/share/interpreter/linkResolver.cpp, line 839]
Event: 15.434 Thread 0x0000023e8f55b000 Implicit null exception at 0x0000023e87c9b9bb to 0x0000023e87c9d710
Event: 15.642 Thread 0x0000023e901cf800 Exception <a 'java/lang/NoSuchMethodError'{0x00000000eff10700}: <clinit>> (0x00000000eff10700) thrown at [./src/hotspot/share/prims/jni.cpp, line 1367]
Event: 15.642 Thread 0x0000023e901cf800 Exception <a 'java/lang/NoSuchMethodError'{0x00000000eff11cd0}: <clinit>> (0x00000000eff11cd0) thrown at [./src/hotspot/share/prims/jni.cpp, line 1367]
Event: 15.643 Thread 0x0000023e901cf800 Exception <a 'java/lang/NoSuchMethodError'{0x00000000eff1b538}: <clinit>> (0x00000000eff1b538) thrown at [./src/hotspot/share/prims/jni.cpp, line 1367]
Event: 15.646 Thread 0x0000023e901cf800 Exception <a 'java/lang/NoSuchMethodError'{0x00000000ebd8b758}: <clinit>> (0x00000000ebd8b758) thrown at [./src/hotspot/share/prims/jni.cpp, line 1367]
Event: 15.647 Thread 0x0000023e901cf800 Exception <a 'java/lang/NoSuchMethodError'{0x00000000ebd95028}: <clinit>> (0x00000000ebd95028) thrown at [./src/hotspot/share/prims/jni.cpp, line 1367]
Event: 15.763 Thread 0x0000023e8f55b000 Exception <a 'java/lang/NoSuchMethodError'{0x00000000ebac7fe8}: 'void java.lang.invoke.DirectMethodHandle$Holder.invokeStatic(java.lang.Object, java.lang.Object, java.lang.Object, java.lang.Object, java.lang.Object, java.lang.Object, java.lang.Object)'> (0x00000000ebac7fe8) thrown at [./src/hotspot/share/interpreter/linkResolver.cpp, line 773]

Events (20 events):
Event: 16.101 loading class io/spring/gradle/dependencymanagement/internal/maven/RelaxedModelValidator$2 done
Event: 16.167 loading class io/spring/gradle/dependencymanagement/org/apache/maven/model/Notifier
Event: 16.167 loading class io/spring/gradle/dependencymanagement/org/apache/maven/model/Notifier done
Event: 16.183 loading class io/spring/gradle/dependencymanagement/org/apache/maven/model/ActivationFile
Event: 16.183 loading class io/spring/gradle/dependencymanagement/org/apache/maven/model/ActivationFile done
Event: 16.186 Thread 0x0000023e93621800 Thread added: 0x0000023e93621800
Event: 16.188 loading class io/spring/gradle/dependencymanagement/org/apache/maven/model/profile/activation/JdkVersionProfileActivator$RangeValue
Event: 16.188 loading class io/spring/gradle/dependencymanagement/org/apache/maven/model/profile/activation/JdkVersionProfileActivator$RangeValue done
Event: 16.190 loading class io/spring/gradle/dependencymanagement/org/codehaus/plexus/interpolation/RegexBasedInterpolator
Event: 16.190 loading class io/spring/gradle/dependencymanagement/org/codehaus/plexus/interpolation/RegexBasedInterpolator done
Event: 16.193 Executing VM operation: Deoptimize
Event: 16.194 Executing VM operation: Deoptimize done
Event: 16.311 loading class io/spring/gradle/dependencymanagement/org/apache/maven/model/ActivationOS
Event: 16.311 loading class io/spring/gradle/dependencymanagement/org/apache/maven/model/ActivationOS done
Event: 16.336 loading class org/gradle/internal/component/external/model/AbstractMutableModuleComponentResolveMetadata$DependencyConstraintImpl
Event: 16.336 loading class org/gradle/internal/component/external/model/AbstractMutableModuleComponentResolveMetadata$DependencyConstraintImpl done
Event: 16.337 loading class org/gradle/internal/component/external/model/ComponentVariant$DependencyConstraint
Event: 16.337 loading class org/gradle/internal/component/external/model/ComponentVariant$DependencyConstraint done
Event: 16.360 Executing VM operation: BulkRevokeBias
Event: 16.363 Executing VM operation: BulkRevokeBias done


Dynamic libraries:
0x00007ff669270000 - 0x00007ff66927d000 	C:\Users\vdmpe\.jdks\corretto-11.0.16.1\bin\java.exe
0x00007ffd1f000000 - 0x00007ffd1f209000 	C:\WINDOWS\SYSTEM32\ntdll.dll
0x00007ffce5f10000 - 0x00007ffce5f27000 	C:\Program Files\Avast Software\Avast\aswhook.dll
0x00007ffd1dd10000 - 0x00007ffd1ddcd000 	C:\WINDOWS\System32\KERNEL32.DLL
0x00007ffd1c980000 - 0x00007ffd1ccfc000 	C:\WINDOWS\System32\KERNELBASE.dll
0x00007ffd1c5a0000 - 0x00007ffd1c6b1000 	C:\WINDOWS\System32\ucrtbase.dll
0x00007ffd15970000 - 0x00007ffd15987000 	C:\Users\vdmpe\.jdks\corretto-11.0.16.1\bin\jli.dll
0x00007ffcfc8c0000 - 0x00007ffcfc8d9000 	C:\Users\vdmpe\.jdks\corretto-11.0.16.1\bin\VCRUNTIME140.dll
0x00007ffd1d940000 - 0x00007ffd1daed000 	C:\WINDOWS\System32\USER32.dll
0x00007ffd03a00000 - 0x00007ffd03ca5000 	C:\WINDOWS\WinSxS\amd64_microsoft.windows.common-controls_6595b64144ccf1df_6.0.22000.120_none_9d947278b86cc467\COMCTL32.dll
0x00007ffd1c950000 - 0x00007ffd1c976000 	C:\WINDOWS\System32\win32u.dll
0x00007ffd1dc60000 - 0x00007ffd1dd03000 	C:\WINDOWS\System32\msvcrt.dll
0x00007ffd1e4b0000 - 0x00007ffd1e4d9000 	C:\WINDOWS\System32\GDI32.dll
0x00007ffd1c830000 - 0x00007ffd1c949000 	C:\WINDOWS\System32\gdi32full.dll
0x00007ffd1cdf0000 - 0x00007ffd1ce8d000 	C:\WINDOWS\System32\msvcp_win.dll
0x00007ffd1e330000 - 0x00007ffd1e361000 	C:\WINDOWS\System32\IMM32.DLL
0x00007ffce9370000 - 0x00007ffce940b000 	C:\Users\vdmpe\.jdks\corretto-11.0.16.1\bin\msvcp140.dll
0x00007ffc67870000 - 0x00007ffc683f4000 	C:\Users\vdmpe\.jdks\corretto-11.0.16.1\bin\server\jvm.dll
0x00007ffd1e390000 - 0x00007ffd1e43e000 	C:\WINDOWS\System32\ADVAPI32.dll
0x00007ffd1d740000 - 0x00007ffd1d7de000 	C:\WINDOWS\System32\sechost.dll
0x00007ffd1e960000 - 0x00007ffd1ea80000 	C:\WINDOWS\System32\RPCRT4.dll
0x00007ffd1e1b0000 - 0x00007ffd1e1b8000 	C:\WINDOWS\System32\PSAPI.DLL
0x00007ffd155c0000 - 0x00007ffd155f3000 	C:\WINDOWS\SYSTEM32\WINMM.dll
0x00007ffd0b4d0000 - 0x00007ffd0b4d9000 	C:\WINDOWS\SYSTEM32\WSOCK32.dll
0x00007ffd12b00000 - 0x00007ffd12b0a000 	C:\WINDOWS\SYSTEM32\VERSION.dll
0x00007ffd1ea80000 - 0x00007ffd1eaef000 	C:\WINDOWS\System32\WS2_32.dll
0x00007ffd1b5a0000 - 0x00007ffd1b5b8000 	C:\WINDOWS\SYSTEM32\kernel.appcore.dll
0x00007ffd028e0000 - 0x00007ffd028f0000 	C:\Users\vdmpe\.jdks\corretto-11.0.16.1\bin\verify.dll
0x00007ffd130f0000 - 0x00007ffd13311000 	C:\WINDOWS\SYSTEM32\DBGHELP.DLL
0x00007ffd10d30000 - 0x00007ffd10d61000 	C:\WINDOWS\SYSTEM32\dbgcore.DLL
0x00007ffd1cd00000 - 0x00007ffd1cd7f000 	C:\WINDOWS\System32\bcryptPrimitives.dll
0x00007ffcf4ff0000 - 0x00007ffcf5018000 	C:\Users\vdmpe\.jdks\corretto-11.0.16.1\bin\java.dll
0x00007ffcfbb70000 - 0x00007ffcfbb7a000 	C:\Users\vdmpe\.jdks\corretto-11.0.16.1\bin\jimage.dll
0x00007ffcf6020000 - 0x00007ffcf6038000 	C:\Users\vdmpe\.jdks\corretto-11.0.16.1\bin\zip.dll
0x00007ffd1ce90000 - 0x00007ffd1d648000 	C:\WINDOWS\System32\SHELL32.dll
0x00007ffd1a5f0000 - 0x00007ffd1ae58000 	C:\WINDOWS\SYSTEM32\windows.storage.dll
0x00007ffd1de30000 - 0x00007ffd1e1a9000 	C:\WINDOWS\System32\combase.dll
0x00007ffd1a480000 - 0x00007ffd1a5e6000 	C:\WINDOWS\SYSTEM32\wintypes.dll
0x00007ffd1d840000 - 0x00007ffd1d92a000 	C:\WINDOWS\System32\SHCORE.dll
0x00007ffd1d7e0000 - 0x00007ffd1d83d000 	C:\WINDOWS\System32\shlwapi.dll
0x00007ffd1c410000 - 0x00007ffd1c431000 	C:\WINDOWS\SYSTEM32\profapi.dll
0x00007ffcf3e50000 - 0x00007ffcf3e69000 	C:\Users\vdmpe\.jdks\corretto-11.0.16.1\bin\net.dll
0x00007ffd14850000 - 0x00007ffd1495c000 	C:\WINDOWS\SYSTEM32\WINHTTP.dll
0x00007ffd1ba00000 - 0x00007ffd1ba67000 	C:\WINDOWS\system32\mswsock.dll
0x00007ffcf3d80000 - 0x00007ffcf3d93000 	C:\Users\vdmpe\.jdks\corretto-11.0.16.1\bin\nio.dll
0x00007ffd0e0a0000 - 0x00007ffd0e0c7000 	C:\Users\vdmpe\.gradle\native\c976cfcca226fdd4bee4412e95191dd41148b7504f9625baeda1d523bc39a967\windows-amd64\native-platform.dll
0x00007ffd0aa60000 - 0x00007ffd0aa69000 	C:\Users\vdmpe\.jdks\corretto-11.0.16.1\bin\management.dll
0x00007ffd0aa50000 - 0x00007ffd0aa5b000 	C:\Users\vdmpe\.jdks\corretto-11.0.16.1\bin\management_ext.dll
0x00007ffd1bc40000 - 0x00007ffd1bc58000 	C:\WINDOWS\SYSTEM32\CRYPTSP.dll
0x00007ffd1b500000 - 0x00007ffd1b535000 	C:\WINDOWS\system32\rsaenh.dll
0x00007ffd1baf0000 - 0x00007ffd1bb19000 	C:\WINDOWS\SYSTEM32\USERENV.dll
0x00007ffd1be40000 - 0x00007ffd1be67000 	C:\WINDOWS\SYSTEM32\bcrypt.dll
0x00007ffd1bc60000 - 0x00007ffd1bc6c000 	C:\WINDOWS\SYSTEM32\CRYPTBASE.dll
0x00007ffd1b0b0000 - 0x00007ffd1b0dd000 	C:\WINDOWS\SYSTEM32\IPHLPAPI.DLL
0x00007ffd1dc30000 - 0x00007ffd1dc39000 	C:\WINDOWS\System32\NSI.dll
0x00007ffd14d10000 - 0x00007ffd14d29000 	C:\WINDOWS\SYSTEM32\dhcpcsvc6.DLL
0x00007ffd15850000 - 0x00007ffd1586e000 	C:\WINDOWS\SYSTEM32\dhcpcsvc.DLL
0x00007ffd1b0e0000 - 0x00007ffd1b1c8000 	C:\WINDOWS\SYSTEM32\DNSAPI.dll

dbghelp: loaded successfully - version: 4.0.5 - missing functions: none
symbol engine: initialized successfully - sym options: 0x614 - pdb path: .;C:\Users\vdmpe\.jdks\corretto-11.0.16.1\bin;C:\WINDOWS\SYSTEM32;C:\Program Files\Avast Software\Avast;C:\WINDOWS\WinSxS\amd64_microsoft.windows.common-controls_6595b64144ccf1df_6.0.22000.120_none_9d947278b86cc467;C:\Users\vdmpe\.jdks\corretto-11.0.16.1\bin\server;C:\Users\vdmpe\.gradle\native\c976cfcca226fdd4bee4412e95191dd41148b7504f9625baeda1d523bc39a967\windows-amd64

VM Arguments:
jvm_args: --add-opens=java.base/java.util=ALL-UNNAMED --add-opens=java.base/java.lang=ALL-UNNAMED --add-opens=java.base/java.lang.invoke=ALL-UNNAMED --add-opens=java.prefs/java.util.prefs=ALL-UNNAMED -XX:MaxMetaspaceSize=256m -XX:+HeapDumpOnOutOfMemoryError -Xms256m -Xmx512m -Dfile.encoding=windows-1252 -Duser.country=US -Duser.language=en -Duser.variant 
java_command: org.gradle.launcher.daemon.bootstrap.GradleDaemon 6.3
java_class_path (initial): C:\Users\vdmpe\.gradle\wrapper\dists\gradle-6.3-bin\8tpu6egwsccjzp10c1jckl0rx\gradle-6.3\lib\gradle-launcher-6.3.jar
Launcher Type: SUN_STANDARD

[Global flags]
     intx CICompilerCount                          = 4                                         {product} {ergonomic}
   size_t CompressedClassSpaceSize                 = 260046848                                 {product} {ergonomic}
     uint ConcGCThreads                            = 2                                         {product} {ergonomic}
     uint G1ConcRefinementThreads                  = 8                                         {product} {ergonomic}
   size_t G1HeapRegionSize                         = 1048576                                   {product} {ergonomic}
    uintx GCDrainStackTargetSize                   = 64                                        {product} {ergonomic}
     bool HeapDumpOnOutOfMemoryError               = true                                   {manageable} {command line}
   size_t InitialHeapSize                          = 268435456                                 {product} {command line}
   size_t MarkStackSize                            = 4194304                                   {product} {ergonomic}
   size_t MaxHeapSize                              = 536870912                                 {product} {command line}
   size_t MaxMetaspaceSize                         = 268435456                                 {product} {command line}
   size_t MaxNewSize                               = 321912832                                 {product} {ergonomic}
   size_t MinHeapDeltaBytes                        = 1048576                                   {product} {ergonomic}
    uintx NonNMethodCodeHeapSize                   = 5836300                                {pd product} {ergonomic}
    uintx NonProfiledCodeHeapSize                  = 122910970                              {pd product} {ergonomic}
    uintx ProfiledCodeHeapSize                     = 122910970                              {pd product} {ergonomic}
    uintx ReservedCodeCacheSize                    = 251658240                              {pd product} {ergonomic}
     bool SegmentedCodeCache                       = true                                      {product} {ergonomic}
     bool UseCompressedClassPointers               = true                                 {lp64_product} {ergonomic}
     bool UseCompressedOops                        = true                                 {lp64_product} {ergonomic}
     bool UseG1GC                                  = true                                      {product} {ergonomic}
     bool UseLargePagesIndividualAllocation        = false                                  {pd product} {ergonomic}

Logging:
Log output configuration:
 #0: stdout all=warning uptime,level,tags
 #1: stderr all=off uptime,level,tags

Environment Variables:
PATH=C:\Program Files\Common Files\Oracle\Java\javapath;C:\Program Files (x86)\Common Files\Oracle\Java\javapath;C:\WINDOWS\system32;C:\WINDOWS;C:\WINDOWS\System32\Wbem;C:\WINDOWS\System32\WindowsPowerShell\v1.0\;C:\WINDOWS\System32\OpenSSH\;C:\Program Files (x86)\K-3D 0.8.0.1\bin;C:\Program Files\Git\cmd;C:\Program Files\nodejs\;C:\Program Files\TortoiseSVN\bin;C:\Program Files\Docker\Docker\resources\bin;C:\ProgramData\DockerDesktop\version-bin;C:\Program Files\GitHub CLI\;C:\Users\vdmpe\AppData\Local\Programs\Python\Python310\Scripts\;C:\Users\vdmpe\AppData\Local\Programs\Python\Python310\;C:\Users\vdmpe\AppData\Local\Programs\Python\Python310;C:\Program Files\MySQL\MySQL Shell 8.0\bin\;C:\Users\vdmpe\AppData\Local\Microsoft\WindowsApps;C:\Program Files\JetBrains\PyCharm Community Edition 2020.1.4\bin;;C:\Program Files\JetBrains\IntelliJ IDEA Community Edition 2020.3\bin;;C:\Users\vdmpe\AppData\Local\Programs\Microsoft VS Code\bin;C:\Users\vdmpe\AppData\Local\GitHubDesktop\bin;C:\Users\vdmpe\AppData\Roaming\npm;C:\Program Files\Maven\apache-maven-3.8.3\bin;
USERNAME=vix
OS=Windows_NT
PROCESSOR_IDENTIFIER=AMD64 Family 23 Model 24 Stepping 1, AuthenticAMD
TMP=C:\Users\vdmpe\AppData\Local\Temp
TEMP=C:\Users\vdmpe\AppData\Local\Temp



---------------  S Y S T E M  ---------------

OS: Windows 11 , 64 bit Build 22000 (10.0.22000.708)
OS uptime: 0 days 11:37 hours
Hyper-V role detected

CPU:total 8 (initial active 8) (8 cores per cpu, 2 threads per core) family 23 model 24 stepping 1 microcode 0x0, cmov, cx8, fxsr, mmx, sse, sse2, sse3, ssse3, sse4.1, sse4.2, popcnt, avx, avx2, aes, clmul, mmxext, 3dnowpref, lzcnt, sse4a, ht, tsc, tscinvbit, tscinv, bmi1, bmi2, adx, sha, fma

Memory: 4k page, system-wide physical 10178M (673M free)
TotalPageFile size 20418M (AvailPageFile size 5M)
current process WorkingSet (physical memory assigned to process): 305M, peak: 305M
current process commit charge ("private bytes"): 473M, peak: 474M

vm_info: OpenJDK 64-Bit Server VM (11.0.16.1+9-LTS) for windows-amd64 JRE (11.0.16.1+9-LTS), built on Aug 12 2022 20:01:58 by "Administrator" with MS VC++ 15.9 (VS2017)

END.
